2025-03-17 09:16:32.854 INFO  o.e.a.AdventureTimeApplication - Starting AdventureTimeApplication using Java 23.0.2 with PID 17008 (C:\Users\alexe\IdeaProjects\AdventureTime\target\classes started by alexe in C:\Users\alexe\IdeaProjects\AdventureTime)
2025-03-17 09:16:32.856 INFO  o.e.a.AdventureTimeApplication - No active profile set, falling back to 1 default profile: "default"
2025-03-17 09:16:33.811 INFO  o.s.d.r.c.RepositoryConfigurationDelegate - Bootstrapping Spring Data JPA repositories in DEFAULT mode.
2025-03-17 09:16:33.911 INFO  o.s.d.r.c.RepositoryConfigurationDelegate - Finished Spring Data repository scanning in 88 ms. Found 3 JPA repository interfaces.
2025-03-17 09:16:35.026 INFO  o.s.b.w.e.tomcat.TomcatWebServer - Tomcat initialized with port 8080 (http)
2025-03-17 09:16:35.050 INFO  o.a.coyote.http11.Http11NioProtocol - Initializing ProtocolHandler ["http-nio-8080"]
2025-03-17 09:16:35.052 INFO  o.a.catalina.core.StandardService - Starting service [Tomcat]
2025-03-17 09:16:35.053 INFO  o.a.catalina.core.StandardEngine - Starting Servlet engine: [Apache Tomcat/10.1.34]
2025-03-17 09:16:35.177 INFO  o.a.c.c.C.[Tomcat].[localhost].[/] - Initializing Spring embedded WebApplicationContext
2025-03-17 09:16:35.178 INFO  o.s.b.w.s.c.ServletWebServerApplicationContext - Root WebApplicationContext: initialization completed in 2250 ms
2025-03-17 09:16:35.485 INFO  o.h.jpa.internal.util.LogHelper - HHH000204: Processing PersistenceUnitInfo [name: default]
2025-03-17 09:16:35.589 INFO  org.hibernate.Version - HHH000412: Hibernate ORM core version 6.6.5.Final
2025-03-17 09:16:35.645 INFO  o.h.c.i.RegionFactoryInitiator - HHH000026: Second-level cache disabled
2025-03-17 09:16:36.104 INFO  o.s.o.j.p.SpringPersistenceUnitInfo - No LoadTimeWeaver setup: ignoring JPA class transformer
2025-03-17 09:16:36.154 INFO  com.zaxxer.hikari.HikariDataSource - HikariPool-1 - Starting...
2025-03-17 09:16:36.385 INFO  com.zaxxer.hikari.pool.HikariPool - HikariPool-1 - Added connection com.mysql.cj.jdbc.ConnectionImpl@63c84d31
2025-03-17 09:16:36.388 INFO  com.zaxxer.hikari.HikariDataSource - HikariPool-1 - Start completed.
2025-03-17 09:16:36.451 WARN  org.hibernate.dialect.Dialect - HHH000511: The 5.7.24 version for [org.hibernate.dialect.MySQLDialect] is no longer supported, hence certain features may not work properly. The minimum supported version is 8.0.0. Check the community dialects project for available legacy versions.
2025-03-17 09:16:36.457 WARN  org.hibernate.orm.deprecation - HHH90000025: MySQLDialect does not need to be specified explicitly using 'hibernate.dialect' (remove the property setting and it will be selected by default)
2025-03-17 09:16:36.488 INFO  o.hibernate.orm.connections.pooling - HHH10001005: Database info:
	Database JDBC URL [Connecting through datasource 'HikariDataSource (HikariPool-1)']
	Database driver: undefined/unknown
	Database version: 5.7.24
	Autocommit mode: undefined/unknown
	Isolation level: undefined/unknown
	Minimum pool size: undefined/unknown
	Maximum pool size: undefined/unknown
2025-03-17 09:16:38.027 INFO  o.h.e.t.j.p.i.JtaPlatformInitiator - HHH000489: No JTA platform available (set 'hibernate.transaction.jta.platform' to enable JTA platform integration)
2025-03-17 09:16:38.199 INFO  o.s.o.j.LocalContainerEntityManagerFactoryBean - Initialized JPA EntityManagerFactory for persistence unit 'default'
2025-03-17 09:16:38.949 INFO  o.s.d.j.r.query.QueryEnhancerFactory - Hibernate is in classpath; If applicable, HQL parser will be used.
2025-03-17 09:16:40.106 WARN  o.s.b.a.o.j.JpaBaseConfiguration$JpaWebConfiguration - spring.jpa.open-in-view is enabled by default. Therefore, database queries may be performed during view rendering. Explicitly configure spring.jpa.open-in-view to disable this warning
2025-03-17 09:16:40.254 INFO  o.s.v.b.OptionalValidatorFactoryBean - Failed to set up a Bean Validation provider: jakarta.validation.NoProviderFoundException: Unable to create a Configuration, because no Jakarta Bean Validation provider could be found. Add a provider like Hibernate Validator (RI) to your classpath.
2025-03-17 09:16:41.280 INFO  o.a.coyote.http11.Http11NioProtocol - Starting ProtocolHandler ["http-nio-8080"]
2025-03-17 09:16:41.309 INFO  o.s.b.w.e.tomcat.TomcatWebServer - Tomcat started on port 8080 (http) with context path '/'
2025-03-17 09:16:41.321 INFO  o.e.a.AdventureTimeApplication - Started AdventureTimeApplication in 9.191 seconds (process running for 10.2)
2025-03-17 09:17:31.864 INFO  o.a.c.c.C.[Tomcat].[localhost].[/] - Initializing Spring DispatcherServlet 'dispatcherServlet'
2025-03-17 09:17:31.865 INFO  o.s.web.servlet.DispatcherServlet - Initializing Servlet 'dispatcherServlet'
2025-03-17 09:17:31.866 INFO  o.s.web.servlet.DispatcherServlet - Completed initialization in 1 ms
2025-03-17 09:17:31.931 INFO  o.e.a.logging.LoggingAspect - Вход в метод контроллера: LogController.getLogFile(..) с аргументами: [2025-03-13]
2025-03-17 09:17:31.945 INFO  o.e.a.logging.LoggingAspect - Выход из метода контроллера: LogController.getLogFile(..) с результатом: <200 OK OK,[B@792e6e69,[Content-Type:"text/plain", Content-Disposition:"form-data; name="attachment"; filename="adventuretime-2025-03-13.log""]>
2025-03-17 09:18:13.200 INFO  o.e.a.logging.LoggingAspect - Вход в метод контроллера: LogController.getLogFile(..) с аргументами: [2025-03-17]
2025-03-17 09:18:13.202 INFO  o.e.a.logging.LoggingAspect - Выход из метода контроллера: LogController.getLogFile(..) с результатом: <200 OK OK,[B@2f31f196,[Content-Type:"text/plain", Content-Disposition:"form-data; name="attachment"; filename="adventuretime-2025-03-17.log""]>
2025-03-17 09:19:16.887 INFO  o.e.a.logging.LoggingAspect - Вход в метод контроллера: TransportController.getAllTransports() с аргументами: []
2025-03-17 09:19:16.888 INFO  o.e.a.logging.LoggingAspect - Все Транспорт успешно получены из кэша, количество: 0
2025-03-17 09:19:17.016 INFO  o.e.a.logging.LoggingAspect - Все Неизвестный тип успешно получены из базы данных, количество: 7
2025-03-17 09:19:17.017 INFO  o.e.a.logging.LoggingAspect - Добавление/обновление Транспорт с ID 3 в кэше
2025-03-17 09:19:17.018 INFO  o.e.a.logging.LoggingAspect - Транспорт с ID 3 успешно добавлен/обновлен в кэше
2025-03-17 09:19:17.018 INFO  o.e.a.logging.LoggingAspect - Добавление/обновление Транспорт с ID 5 в кэше
2025-03-17 09:19:17.018 INFO  o.e.a.logging.LoggingAspect - Транспорт с ID 5 успешно добавлен/обновлен в кэше
2025-03-17 09:19:17.018 INFO  o.e.a.logging.LoggingAspect - Добавление/обновление Транспорт с ID 6 в кэше
2025-03-17 09:19:17.019 INFO  o.e.a.logging.LoggingAspect - Транспорт с ID 6 успешно добавлен/обновлен в кэше
2025-03-17 09:19:17.019 INFO  o.e.a.logging.LoggingAspect - Добавление/обновление Транспорт с ID 7 в кэше
2025-03-17 09:19:17.019 INFO  o.e.a.logging.LoggingAspect - Транспорт с ID 7 успешно добавлен/обновлен в кэше
2025-03-17 09:19:17.019 INFO  o.e.a.logging.LoggingAspect - Добавление/обновление Транспорт с ID 8 в кэше
2025-03-17 09:19:17.019 INFO  o.e.a.logging.LoggingAspect - Транспорт с ID 8 успешно добавлен/обновлен в кэше
2025-03-17 09:19:17.019 INFO  o.e.a.logging.LoggingAspect - Добавление/обновление Транспорт с ID 9 в кэше
2025-03-17 09:19:17.019 INFO  o.e.a.logging.LoggingAspect - Транспорт с ID 9 успешно добавлен/обновлен в кэше
2025-03-17 09:19:17.019 INFO  o.e.a.logging.LoggingAspect - Добавление/обновление Транспорт с ID 10 в кэше
2025-03-17 09:19:17.019 INFO  o.e.a.logging.LoggingAspect - Транспорт с ID 10 успешно добавлен/обновлен в кэше
2025-03-17 09:19:17.020 INFO  o.e.a.logging.LoggingAspect - Выход из метода контроллера: TransportController.getAllTransports() с результатом: [TransportDto(id=3, name=Bus, capacity=50, cost=10.43), TransportDto(id=5, name=Car, capacity=4, cost=88.47), TransportDto(id=6, name=Bicycle, capacity=1, cost=5.0), TransportDto(id=7, name=Horse, capacity=1, cost=55.89), TransportDto(id=8, name=Plane, capacity=150, cost=67.8), TransportDto(id=9, name=Luxary Bus, capacity=20, cost=120.45), TransportDto(id=10, name=Jet, capacity=15, cost=259.48)]
2025-03-17 09:19:29.740 INFO  o.e.a.logging.LoggingAspect - Вход в метод контроллера: CountryController.getAllCountries() с аргументами: []
2025-03-17 09:19:29.740 INFO  o.e.a.logging.LoggingAspect - Все Неизвестный тип успешно получены из кэша, количество: 0
2025-03-17 09:19:29.761 INFO  o.e.a.logging.LoggingAspect - Все Неизвестный тип успешно получены из базы данных, количество: 10
2025-03-17 09:19:29.824 INFO  o.e.a.logging.LoggingAspect - Добавление/обновление Страна с ID 3 в кэше
2025-03-17 09:19:29.825 INFO  o.e.a.logging.LoggingAspect - Страна с ID 3 успешно добавлен/обновлен в кэше
2025-03-17 09:19:29.825 INFO  o.e.a.logging.LoggingAspect - Добавление/обновление Страна с ID 5 в кэше
2025-03-17 09:19:29.825 INFO  o.e.a.logging.LoggingAspect - Страна с ID 5 успешно добавлен/обновлен в кэше
2025-03-17 09:19:29.825 INFO  o.e.a.logging.LoggingAspect - Добавление/обновление Страна с ID 6 в кэше
2025-03-17 09:19:29.825 INFO  o.e.a.logging.LoggingAspect - Страна с ID 6 успешно добавлен/обновлен в кэше
2025-03-17 09:19:29.825 INFO  o.e.a.logging.LoggingAspect - Добавление/обновление Страна с ID 7 в кэше
2025-03-17 09:19:29.825 INFO  o.e.a.logging.LoggingAspect - Страна с ID 7 успешно добавлен/обновлен в кэше
2025-03-17 09:19:29.825 INFO  o.e.a.logging.LoggingAspect - Добавление/обновление Страна с ID 9 в кэше
2025-03-17 09:19:29.825 INFO  o.e.a.logging.LoggingAspect - Страна с ID 9 успешно добавлен/обновлен в кэше
2025-03-17 09:19:29.825 INFO  o.e.a.logging.LoggingAspect - Добавление/обновление Страна с ID 10 в кэше
2025-03-17 09:19:29.825 INFO  o.e.a.logging.LoggingAspect - Страна с ID 10 успешно добавлен/обновлен в кэше
2025-03-17 09:19:29.825 INFO  o.e.a.logging.LoggingAspect - Добавление/обновление Страна с ID 12 в кэше
2025-03-17 09:19:29.825 INFO  o.e.a.logging.LoggingAspect - Страна с ID 12 успешно добавлен/обновлен в кэше
2025-03-17 09:19:29.825 INFO  o.e.a.logging.LoggingAspect - Добавление/обновление Страна с ID 13 в кэше
2025-03-17 09:19:29.825 INFO  o.e.a.logging.LoggingAspect - Страна с ID 13 успешно добавлен/обновлен в кэше
2025-03-17 09:19:29.825 INFO  o.e.a.logging.LoggingAspect - Добавление/обновление Страна с ID 14 в кэше
2025-03-17 09:19:29.826 INFO  o.e.a.logging.LoggingAspect - Страна с ID 14 успешно добавлен/обновлен в кэше
2025-03-17 09:19:29.826 INFO  o.e.a.logging.LoggingAspect - Добавление/обновление Страна с ID 15 в кэше
2025-03-17 09:19:29.826 INFO  o.e.a.logging.LoggingAspect - Страна с ID 15 успешно добавлен/обновлен в кэше
2025-03-17 09:19:29.826 INFO  o.e.a.logging.LoggingAspect - Выход из метода контроллера: CountryController.getAllCountries() с результатом: [CountryDto(id=3, name=Belarus, available=true, attractions=Belovezhskaya Puscha, visaCost=10.0, nationalLanguages=Russian, Belorassian, tours=[TourDto(id=15, name=Homel Tour, description=null, durationDays=15, countries=null, transport=TransportDto(id=3, name=Bus, capacity=50, cost=10.43)), TourDto(id=3, name=Minsk Tour, description=, durationDays=5, countries=null, transport=null)]), CountryDto(id=5, name=Ukraine, available=true, attractions=Chernobyl, visaCost=11.0, nationalLanguages=Ukranian, tours=[TourDto(id=9, name=Kiev Tour, description=null, durationDays=10, countries=null, transport=TransportDto(id=3, name=Bus, capacity=50, cost=10.43))]), CountryDto(id=6, name=Poland, available=true, attractions=Belovezhskaya Puscha, visaCost=50.0, nationalLanguages=Polish, tours=[TourDto(id=11, name=Krakov Tour, description=null, durationDays=5, countries=null, transport=TransportDto(id=7, name=Horse, capacity=1, cost=55.89))]), CountryDto(id=7, name=Italy, available=true, attractions=Colisey, visaCost=50.0, nationalLanguages=Italian, Spanish, tours=[]), CountryDto(id=9, name=South Korea, available=true, attractions=Seul TV , visaCost=23.0, nationalLanguages=Korean, tours=[TourDto(id=13, name=Seul Tour, description=null, durationDays=13, countries=null, transport=TransportDto(id=3, name=Bus, capacity=50, cost=10.43))]), CountryDto(id=10, name=United Kingdom, available=true, attractions=London Uye, visaCost=43.0, nationalLanguages=English, tours=[TourDto(id=14, name=London Tour, description=null, durationDays=9, countries=null, transport=TransportDto(id=6, name=Bicycle, capacity=1, cost=5.0)), TourDto(id=18, name=Birmenhem Tour, description=Realy nice tour, durationDays=18, countries=null, transport=TransportDto(id=8, name=Plane, capacity=150, cost=67.8))]), CountryDto(id=12, name=Indonesia, available=true, attractions=Sea, visaCost=17.0, nationalLanguages=Spanish, tours=[TourDto(id=16, name=InDOnES Tour, description=null, durationDays=11, countries=null, transport=TransportDto(id=6, name=Bicycle, capacity=1, cost=5.0))]), CountryDto(id=13, name=Greece, available=true, attractions=Olimpia, visaCost=58.0, nationalLanguages=Greece, English, tours=[TourDto(id=17, name=Greece Tour, description=null, durationDays=7, countries=null, transport=TransportDto(id=9, name=Luxary Bus, capacity=20, cost=120.45))]), CountryDto(id=14, name=Japan, available=true, attractions=Akihabara, visaCost=30.0, nationalLanguages=Japanese, tours=[TourDto(id=20, name=Tokyo tour, description=Tour for anime lovers, durationDays=4, countries=null, transport=TransportDto(id=9, name=Luxary Bus, capacity=20, cost=120.45))]), CountryDto(id=15, name=Russia, available=true, attractions=Kremyl, visaCost=25.0, nationalLanguages=Russian, tours=[TourDto(id=21, name=EKT tour, description=Tour for anime lovers, durationDays=47, countries=null, transport=TransportDto(id=10, name=Jet, capacity=15, cost=259.48))])]
2025-03-17 09:19:35.744 INFO  o.e.a.logging.LoggingAspect - Вход в метод контроллера: TourController.getToursByTransportType(..) с аргументами: [Bicycle]
2025-03-17 09:19:35.817 INFO  o.e.a.logging.LoggingAspect - Выход из метода контроллера: TourController.getToursByTransportType(..) с результатом: <200 OK OK,[TourDto(id=14, name=London Tour, description=null, durationDays=9, countries=[CountryDto(id=10, name=United Kingdom, available=true, attractions=London Uye, visaCost=43.0, nationalLanguages=English, tours=null)], transport=TransportDto(id=6, name=Bicycle, capacity=1, cost=5.0)), TourDto(id=16, name=InDOnES Tour, description=null, durationDays=11, countries=[CountryDto(id=12, name=Indonesia, available=true, attractions=Sea, visaCost=17.0, nationalLanguages=Spanish, tours=null)], transport=TransportDto(id=6, name=Bicycle, capacity=1, cost=5.0))],[]>
2025-03-17 09:20:30.032 INFO  o.e.a.logging.LoggingAspect - Вход в метод контроллера: TourController.getAllTours() с аргументами: []
2025-03-17 09:20:30.032 INFO  o.e.a.logging.LoggingAspect - Все Тур успешно получены из кэша, количество: 0
2025-03-17 09:20:30.041 INFO  o.e.a.logging.LoggingAspect - Все Неизвестный тип успешно получены из базы данных, количество: 15
2025-03-17 09:20:30.066 INFO  o.e.a.logging.LoggingAspect - Добавление/обновление Тур с ID 2 в кэше
2025-03-17 09:20:30.067 INFO  o.e.a.logging.LoggingAspect - Тур с ID 2 успешно добавлен/обновлен в кэше
2025-03-17 09:20:30.068 INFO  o.e.a.logging.LoggingAspect - Добавление/обновление Тур с ID 3 в кэше
2025-03-17 09:20:30.068 INFO  o.e.a.logging.LoggingAspect - Тур с ID 3 успешно добавлен/обновлен в кэше
2025-03-17 09:20:30.068 INFO  o.e.a.logging.LoggingAspect - Добавление/обновление Тур с ID 7 в кэше
2025-03-17 09:20:30.068 INFO  o.e.a.logging.LoggingAspect - Тур с ID 7 успешно добавлен/обновлен в кэше
2025-03-17 09:20:30.068 INFO  o.e.a.logging.LoggingAspect - Добавление/обновление Тур с ID 9 в кэше
2025-03-17 09:20:30.068 INFO  o.e.a.logging.LoggingAspect - Тур с ID 9 успешно добавлен/обновлен в кэше
2025-03-17 09:20:30.068 INFO  o.e.a.logging.LoggingAspect - Добавление/обновление Тур с ID 10 в кэше
2025-03-17 09:20:30.068 INFO  o.e.a.logging.LoggingAspect - Тур с ID 10 успешно добавлен/обновлен в кэше
2025-03-17 09:20:30.068 INFO  o.e.a.logging.LoggingAspect - Добавление/обновление Тур с ID 11 в кэше
2025-03-17 09:20:30.068 INFO  o.e.a.logging.LoggingAspect - Тур с ID 11 успешно добавлен/обновлен в кэше
2025-03-17 09:20:30.068 INFO  o.e.a.logging.LoggingAspect - Добавление/обновление Тур с ID 12 в кэше
2025-03-17 09:20:30.068 INFO  o.e.a.logging.LoggingAspect - Тур с ID 12 успешно добавлен/обновлен в кэше
2025-03-17 09:20:30.069 INFO  o.e.a.logging.LoggingAspect - Добавление/обновление Тур с ID 13 в кэше
2025-03-17 09:20:30.069 INFO  o.e.a.logging.LoggingAspect - Тур с ID 13 успешно добавлен/обновлен в кэше
2025-03-17 09:20:30.069 INFO  o.e.a.logging.LoggingAspect - Добавление/обновление Тур с ID 14 в кэше
2025-03-17 09:20:30.069 INFO  o.e.a.logging.LoggingAspect - Тур с ID 14 успешно добавлен/обновлен в кэше
2025-03-17 09:20:30.069 INFO  o.e.a.logging.LoggingAspect - Добавление/обновление Тур с ID 15 в кэше
2025-03-17 09:20:30.069 INFO  o.e.a.logging.LoggingAspect - Тур с ID 15 успешно добавлен/обновлен в кэше
2025-03-17 09:20:30.069 INFO  o.e.a.logging.LoggingAspect - Добавление/обновление Тур с ID 16 в кэше
2025-03-17 09:20:30.069 INFO  o.e.a.logging.LoggingAspect - Тур с ID 16 успешно добавлен/обновлен в кэше
2025-03-17 09:20:30.069 INFO  o.e.a.logging.LoggingAspect - Добавление/обновление Тур с ID 17 в кэше
2025-03-17 09:20:30.069 INFO  o.e.a.logging.LoggingAspect - Тур с ID 17 успешно добавлен/обновлен в кэше
2025-03-17 09:20:30.069 INFO  o.e.a.logging.LoggingAspect - Добавление/обновление Тур с ID 18 в кэше
2025-03-17 09:20:30.070 INFO  o.e.a.logging.LoggingAspect - Тур с ID 18 успешно добавлен/обновлен в кэше
2025-03-17 09:20:30.070 INFO  o.e.a.logging.LoggingAspect - Добавление/обновление Тур с ID 20 в кэше
2025-03-17 09:20:30.070 INFO  o.e.a.logging.LoggingAspect - Тур с ID 20 успешно добавлен/обновлен в кэше
2025-03-17 09:20:30.070 INFO  o.e.a.logging.LoggingAspect - Добавление/обновление Тур с ID 21 в кэше
2025-03-17 09:20:30.070 INFO  o.e.a.logging.LoggingAspect - Тур с ID 21 успешно добавлен/обновлен в кэше
2025-03-17 09:20:30.070 INFO  o.e.a.logging.LoggingAspect - Выход из метода контроллера: TourController.getAllTours() с результатом: [TourDto(id=2, name=Paris Tour, description=Very nice tour, durationDays=12, countries=[], transport=TransportDto(id=3, name=Bus, capacity=50, cost=10.43)), TourDto(id=3, name=Minsk Tour, description=, durationDays=5, countries=[CountryDto(id=3, name=Belarus, available=true, attractions=Belovezhskaya Puscha, visaCost=10.0, nationalLanguages=Russian, Belorassian, tours=null)], transport=null), TourDto(id=7, name=Krakow Tour, description=, durationDays=3, countries=[], transport=TransportDto(id=8, name=Plane, capacity=150, cost=67.8)), TourDto(id=9, name=Kiev Tour, description=null, durationDays=10, countries=[CountryDto(id=5, name=Ukraine, available=true, attractions=Chernobyl, visaCost=11.0, nationalLanguages=Ukranian, tours=null)], transport=TransportDto(id=3, name=Bus, capacity=50, cost=10.43)), TourDto(id=10, name=Saint-Petersburg Tour, description=null, durationDays=4, countries=[], transport=null), TourDto(id=11, name=Krakov Tour, description=null, durationDays=5, countries=[CountryDto(id=6, name=Poland, available=true, attractions=Belovezhskaya Puscha, visaCost=50.0, nationalLanguages=Polish, tours=null)], transport=TransportDto(id=7, name=Horse, capacity=1, cost=55.89)), TourDto(id=12, name=Astana Tour, description=null, durationDays=8, countries=[], transport=TransportDto(id=3, name=Bus, capacity=50, cost=10.43)), TourDto(id=13, name=Seul Tour, description=null, durationDays=13, countries=[CountryDto(id=9, name=South Korea, available=true, attractions=Seul TV , visaCost=23.0, nationalLanguages=Korean, tours=null)], transport=TransportDto(id=3, name=Bus, capacity=50, cost=10.43)), TourDto(id=14, name=London Tour, description=null, durationDays=9, countries=[CountryDto(id=10, name=United Kingdom, available=true, attractions=London Uye, visaCost=43.0, nationalLanguages=English, tours=null)], transport=TransportDto(id=6, name=Bicycle, capacity=1, cost=5.0)), TourDto(id=15, name=Homel Tour, description=null, durationDays=15, countries=[CountryDto(id=3, name=Belarus, available=true, attractions=Belovezhskaya Puscha, visaCost=10.0, nationalLanguages=Russian, Belorassian, tours=null)], transport=TransportDto(id=3, name=Bus, capacity=50, cost=10.43)), TourDto(id=16, name=InDOnES Tour, description=null, durationDays=11, countries=[CountryDto(id=12, name=Indonesia, available=true, attractions=Sea, visaCost=17.0, nationalLanguages=Spanish, tours=null)], transport=TransportDto(id=6, name=Bicycle, capacity=1, cost=5.0)), TourDto(id=17, name=Greece Tour, description=null, durationDays=7, countries=[CountryDto(id=13, name=Greece, available=true, attractions=Olimpia, visaCost=58.0, nationalLanguages=Greece, English, tours=null)], transport=TransportDto(id=9, name=Luxary Bus, capacity=20, cost=120.45)), TourDto(id=18, name=Birmenhem Tour, description=Realy nice tour, durationDays=18, countries=[CountryDto(id=10, name=United Kingdom, available=true, attractions=London Uye, visaCost=43.0, nationalLanguages=English, tours=null)], transport=TransportDto(id=8, name=Plane, capacity=150, cost=67.8)), TourDto(id=20, name=Tokyo tour, description=Tour for anime lovers, durationDays=4, countries=[CountryDto(id=14, name=Japan, available=true, attractions=Akihabara, visaCost=30.0, nationalLanguages=Japanese, tours=null)], transport=TransportDto(id=9, name=Luxary Bus, capacity=20, cost=120.45)), TourDto(id=21, name=EKT tour, description=Tour for anime lovers, durationDays=47, countries=[CountryDto(id=15, name=Russia, available=true, attractions=Kremyl, visaCost=25.0, nationalLanguages=Russian, tours=null)], transport=TransportDto(id=10, name=Jet, capacity=15, cost=259.48))]
2025-03-17 09:20:50.138 INFO  o.e.a.logging.LoggingAspect - Вход в метод контроллера: TourController.getAllTours() с аргументами: []
2025-03-17 09:20:50.138 INFO  o.e.a.logging.LoggingAspect - Все Тур успешно получены из кэша, количество: 15
2025-03-17 09:20:50.138 INFO  o.e.a.logging.LoggingAspect - Выход из метода контроллера: TourController.getAllTours() с результатом: [TourDto(id=2, name=Paris Tour, description=Very nice tour, durationDays=12, countries=[], transport=TransportDto(id=3, name=Bus, capacity=50, cost=10.43)), TourDto(id=3, name=Minsk Tour, description=, durationDays=5, countries=[CountryDto(id=3, name=Belarus, available=true, attractions=Belovezhskaya Puscha, visaCost=10.0, nationalLanguages=Russian, Belorassian, tours=null)], transport=null), TourDto(id=7, name=Krakow Tour, description=, durationDays=3, countries=[], transport=TransportDto(id=8, name=Plane, capacity=150, cost=67.8)), TourDto(id=9, name=Kiev Tour, description=null, durationDays=10, countries=[CountryDto(id=5, name=Ukraine, available=true, attractions=Chernobyl, visaCost=11.0, nationalLanguages=Ukranian, tours=null)], transport=TransportDto(id=3, name=Bus, capacity=50, cost=10.43)), TourDto(id=10, name=Saint-Petersburg Tour, description=null, durationDays=4, countries=[], transport=null), TourDto(id=11, name=Krakov Tour, description=null, durationDays=5, countries=[CountryDto(id=6, name=Poland, available=true, attractions=Belovezhskaya Puscha, visaCost=50.0, nationalLanguages=Polish, tours=null)], transport=TransportDto(id=7, name=Horse, capacity=1, cost=55.89)), TourDto(id=12, name=Astana Tour, description=null, durationDays=8, countries=[], transport=TransportDto(id=3, name=Bus, capacity=50, cost=10.43)), TourDto(id=13, name=Seul Tour, description=null, durationDays=13, countries=[CountryDto(id=9, name=South Korea, available=true, attractions=Seul TV , visaCost=23.0, nationalLanguages=Korean, tours=null)], transport=TransportDto(id=3, name=Bus, capacity=50, cost=10.43)), TourDto(id=14, name=London Tour, description=null, durationDays=9, countries=[CountryDto(id=10, name=United Kingdom, available=true, attractions=London Uye, visaCost=43.0, nationalLanguages=English, tours=null)], transport=TransportDto(id=6, name=Bicycle, capacity=1, cost=5.0)), TourDto(id=15, name=Homel Tour, description=null, durationDays=15, countries=[CountryDto(id=3, name=Belarus, available=true, attractions=Belovezhskaya Puscha, visaCost=10.0, nationalLanguages=Russian, Belorassian, tours=null)], transport=TransportDto(id=3, name=Bus, capacity=50, cost=10.43)), TourDto(id=16, name=InDOnES Tour, description=null, durationDays=11, countries=[CountryDto(id=12, name=Indonesia, available=true, attractions=Sea, visaCost=17.0, nationalLanguages=Spanish, tours=null)], transport=TransportDto(id=6, name=Bicycle, capacity=1, cost=5.0)), TourDto(id=17, name=Greece Tour, description=null, durationDays=7, countries=[CountryDto(id=13, name=Greece, available=true, attractions=Olimpia, visaCost=58.0, nationalLanguages=Greece, English, tours=null)], transport=TransportDto(id=9, name=Luxary Bus, capacity=20, cost=120.45)), TourDto(id=18, name=Birmenhem Tour, description=Realy nice tour, durationDays=18, countries=[CountryDto(id=10, name=United Kingdom, available=true, attractions=London Uye, visaCost=43.0, nationalLanguages=English, tours=null)], transport=TransportDto(id=8, name=Plane, capacity=150, cost=67.8)), TourDto(id=20, name=Tokyo tour, description=Tour for anime lovers, durationDays=4, countries=[CountryDto(id=14, name=Japan, available=true, attractions=Akihabara, visaCost=30.0, nationalLanguages=Japanese, tours=null)], transport=TransportDto(id=9, name=Luxary Bus, capacity=20, cost=120.45)), TourDto(id=21, name=EKT tour, description=Tour for anime lovers, durationDays=47, countries=[CountryDto(id=15, name=Russia, available=true, attractions=Kremyl, visaCost=25.0, nationalLanguages=Russian, tours=null)], transport=TransportDto(id=10, name=Jet, capacity=15, cost=259.48))]
2025-03-17 09:21:07.921 INFO  o.e.a.logging.LoggingAspect - Вход в метод контроллера: TransportController.getAllTransports() с аргументами: []
2025-03-17 09:21:07.921 INFO  o.e.a.logging.LoggingAspect - Все Транспорт успешно получены из кэша, количество: 7
2025-03-17 09:21:07.921 INFO  o.e.a.logging.LoggingAspect - Выход из метода контроллера: TransportController.getAllTransports() с результатом: [TransportDto(id=3, name=Bus, capacity=50, cost=10.43), TransportDto(id=5, name=Car, capacity=4, cost=88.47), TransportDto(id=6, name=Bicycle, capacity=1, cost=5.0), TransportDto(id=7, name=Horse, capacity=1, cost=55.89), TransportDto(id=8, name=Plane, capacity=150, cost=67.8), TransportDto(id=9, name=Luxary Bus, capacity=20, cost=120.45), TransportDto(id=10, name=Jet, capacity=15, cost=259.48)]
2025-03-17 09:21:08.653 INFO  o.e.a.logging.LoggingAspect - Вход в метод контроллера: TransportController.getAllTransports() с аргументами: []
2025-03-17 09:21:08.653 INFO  o.e.a.logging.LoggingAspect - Все Транспорт успешно получены из кэша, количество: 7
2025-03-17 09:21:08.653 INFO  o.e.a.logging.LoggingAspect - Выход из метода контроллера: TransportController.getAllTransports() с результатом: [TransportDto(id=3, name=Bus, capacity=50, cost=10.43), TransportDto(id=5, name=Car, capacity=4, cost=88.47), TransportDto(id=6, name=Bicycle, capacity=1, cost=5.0), TransportDto(id=7, name=Horse, capacity=1, cost=55.89), TransportDto(id=8, name=Plane, capacity=150, cost=67.8), TransportDto(id=9, name=Luxary Bus, capacity=20, cost=120.45), TransportDto(id=10, name=Jet, capacity=15, cost=259.48)]
2025-03-17 09:21:11.339 INFO  o.e.a.logging.LoggingAspect - Вход в метод контроллера: CountryController.getAllCountries() с аргументами: []
2025-03-17 09:21:11.339 INFO  o.e.a.logging.LoggingAspect - Все Неизвестный тип успешно получены из кэша, количество: 10
2025-03-17 09:21:11.339 INFO  o.e.a.logging.LoggingAspect - Выход из метода контроллера: CountryController.getAllCountries() с результатом: [CountryDto(id=3, name=Belarus, available=true, attractions=Belovezhskaya Puscha, visaCost=10.0, nationalLanguages=Russian, Belorassian, tours=[TourDto(id=15, name=Homel Tour, description=null, durationDays=15, countries=null, transport=TransportDto(id=3, name=Bus, capacity=50, cost=10.43)), TourDto(id=3, name=Minsk Tour, description=, durationDays=5, countries=null, transport=null)]), CountryDto(id=5, name=Ukraine, available=true, attractions=Chernobyl, visaCost=11.0, nationalLanguages=Ukranian, tours=[TourDto(id=9, name=Kiev Tour, description=null, durationDays=10, countries=null, transport=TransportDto(id=3, name=Bus, capacity=50, cost=10.43))]), CountryDto(id=6, name=Poland, available=true, attractions=Belovezhskaya Puscha, visaCost=50.0, nationalLanguages=Polish, tours=[TourDto(id=11, name=Krakov Tour, description=null, durationDays=5, countries=null, transport=TransportDto(id=7, name=Horse, capacity=1, cost=55.89))]), CountryDto(id=7, name=Italy, available=true, attractions=Colisey, visaCost=50.0, nationalLanguages=Italian, Spanish, tours=[]), CountryDto(id=9, name=South Korea, available=true, attractions=Seul TV , visaCost=23.0, nationalLanguages=Korean, tours=[TourDto(id=13, name=Seul Tour, description=null, durationDays=13, countries=null, transport=TransportDto(id=3, name=Bus, capacity=50, cost=10.43))]), CountryDto(id=10, name=United Kingdom, available=true, attractions=London Uye, visaCost=43.0, nationalLanguages=English, tours=[TourDto(id=14, name=London Tour, description=null, durationDays=9, countries=null, transport=TransportDto(id=6, name=Bicycle, capacity=1, cost=5.0)), TourDto(id=18, name=Birmenhem Tour, description=Realy nice tour, durationDays=18, countries=null, transport=TransportDto(id=8, name=Plane, capacity=150, cost=67.8))]), CountryDto(id=12, name=Indonesia, available=true, attractions=Sea, visaCost=17.0, nationalLanguages=Spanish, tours=[TourDto(id=16, name=InDOnES Tour, description=null, durationDays=11, countries=null, transport=TransportDto(id=6, name=Bicycle, capacity=1, cost=5.0))]), CountryDto(id=13, name=Greece, available=true, attractions=Olimpia, visaCost=58.0, nationalLanguages=Greece, English, tours=[TourDto(id=17, name=Greece Tour, description=null, durationDays=7, countries=null, transport=TransportDto(id=9, name=Luxary Bus, capacity=20, cost=120.45))]), CountryDto(id=14, name=Japan, available=true, attractions=Akihabara, visaCost=30.0, nationalLanguages=Japanese, tours=[TourDto(id=20, name=Tokyo tour, description=Tour for anime lovers, durationDays=4, countries=null, transport=TransportDto(id=9, name=Luxary Bus, capacity=20, cost=120.45))]), CountryDto(id=15, name=Russia, available=true, attractions=Kremyl, visaCost=25.0, nationalLanguages=Russian, tours=[TourDto(id=21, name=EKT tour, description=Tour for anime lovers, durationDays=47, countries=null, transport=TransportDto(id=10, name=Jet, capacity=15, cost=259.48))])]
2025-03-17 09:21:11.973 INFO  o.e.a.logging.LoggingAspect - Вход в метод контроллера: CountryController.getAllCountries() с аргументами: []
2025-03-17 09:21:11.973 INFO  o.e.a.logging.LoggingAspect - Все Неизвестный тип успешно получены из кэша, количество: 10
2025-03-17 09:21:11.973 INFO  o.e.a.logging.LoggingAspect - Выход из метода контроллера: CountryController.getAllCountries() с результатом: [CountryDto(id=3, name=Belarus, available=true, attractions=Belovezhskaya Puscha, visaCost=10.0, nationalLanguages=Russian, Belorassian, tours=[TourDto(id=15, name=Homel Tour, description=null, durationDays=15, countries=null, transport=TransportDto(id=3, name=Bus, capacity=50, cost=10.43)), TourDto(id=3, name=Minsk Tour, description=, durationDays=5, countries=null, transport=null)]), CountryDto(id=5, name=Ukraine, available=true, attractions=Chernobyl, visaCost=11.0, nationalLanguages=Ukranian, tours=[TourDto(id=9, name=Kiev Tour, description=null, durationDays=10, countries=null, transport=TransportDto(id=3, name=Bus, capacity=50, cost=10.43))]), CountryDto(id=6, name=Poland, available=true, attractions=Belovezhskaya Puscha, visaCost=50.0, nationalLanguages=Polish, tours=[TourDto(id=11, name=Krakov Tour, description=null, durationDays=5, countries=null, transport=TransportDto(id=7, name=Horse, capacity=1, cost=55.89))]), CountryDto(id=7, name=Italy, available=true, attractions=Colisey, visaCost=50.0, nationalLanguages=Italian, Spanish, tours=[]), CountryDto(id=9, name=South Korea, available=true, attractions=Seul TV , visaCost=23.0, nationalLanguages=Korean, tours=[TourDto(id=13, name=Seul Tour, description=null, durationDays=13, countries=null, transport=TransportDto(id=3, name=Bus, capacity=50, cost=10.43))]), CountryDto(id=10, name=United Kingdom, available=true, attractions=London Uye, visaCost=43.0, nationalLanguages=English, tours=[TourDto(id=14, name=London Tour, description=null, durationDays=9, countries=null, transport=TransportDto(id=6, name=Bicycle, capacity=1, cost=5.0)), TourDto(id=18, name=Birmenhem Tour, description=Realy nice tour, durationDays=18, countries=null, transport=TransportDto(id=8, name=Plane, capacity=150, cost=67.8))]), CountryDto(id=12, name=Indonesia, available=true, attractions=Sea, visaCost=17.0, nationalLanguages=Spanish, tours=[TourDto(id=16, name=InDOnES Tour, description=null, durationDays=11, countries=null, transport=TransportDto(id=6, name=Bicycle, capacity=1, cost=5.0))]), CountryDto(id=13, name=Greece, available=true, attractions=Olimpia, visaCost=58.0, nationalLanguages=Greece, English, tours=[TourDto(id=17, name=Greece Tour, description=null, durationDays=7, countries=null, transport=TransportDto(id=9, name=Luxary Bus, capacity=20, cost=120.45))]), CountryDto(id=14, name=Japan, available=true, attractions=Akihabara, visaCost=30.0, nationalLanguages=Japanese, tours=[TourDto(id=20, name=Tokyo tour, description=Tour for anime lovers, durationDays=4, countries=null, transport=TransportDto(id=9, name=Luxary Bus, capacity=20, cost=120.45))]), CountryDto(id=15, name=Russia, available=true, attractions=Kremyl, visaCost=25.0, nationalLanguages=Russian, tours=[TourDto(id=21, name=EKT tour, description=Tour for anime lovers, durationDays=47, countries=null, transport=TransportDto(id=10, name=Jet, capacity=15, cost=259.48))])]
2025-03-17 09:21:15.072 INFO  o.e.a.logging.LoggingAspect - Вход в метод контроллера: CountryController.getAllCountries() с аргументами: []
2025-03-17 09:21:15.072 INFO  o.e.a.logging.LoggingAspect - Все Неизвестный тип успешно получены из кэша, количество: 10
2025-03-17 09:21:15.072 INFO  o.e.a.logging.LoggingAspect - Выход из метода контроллера: CountryController.getAllCountries() с результатом: [CountryDto(id=3, name=Belarus, available=true, attractions=Belovezhskaya Puscha, visaCost=10.0, nationalLanguages=Russian, Belorassian, tours=[TourDto(id=15, name=Homel Tour, description=null, durationDays=15, countries=null, transport=TransportDto(id=3, name=Bus, capacity=50, cost=10.43)), TourDto(id=3, name=Minsk Tour, description=, durationDays=5, countries=null, transport=null)]), CountryDto(id=5, name=Ukraine, available=true, attractions=Chernobyl, visaCost=11.0, nationalLanguages=Ukranian, tours=[TourDto(id=9, name=Kiev Tour, description=null, durationDays=10, countries=null, transport=TransportDto(id=3, name=Bus, capacity=50, cost=10.43))]), CountryDto(id=6, name=Poland, available=true, attractions=Belovezhskaya Puscha, visaCost=50.0, nationalLanguages=Polish, tours=[TourDto(id=11, name=Krakov Tour, description=null, durationDays=5, countries=null, transport=TransportDto(id=7, name=Horse, capacity=1, cost=55.89))]), CountryDto(id=7, name=Italy, available=true, attractions=Colisey, visaCost=50.0, nationalLanguages=Italian, Spanish, tours=[]), CountryDto(id=9, name=South Korea, available=true, attractions=Seul TV , visaCost=23.0, nationalLanguages=Korean, tours=[TourDto(id=13, name=Seul Tour, description=null, durationDays=13, countries=null, transport=TransportDto(id=3, name=Bus, capacity=50, cost=10.43))]), CountryDto(id=10, name=United Kingdom, available=true, attractions=London Uye, visaCost=43.0, nationalLanguages=English, tours=[TourDto(id=14, name=London Tour, description=null, durationDays=9, countries=null, transport=TransportDto(id=6, name=Bicycle, capacity=1, cost=5.0)), TourDto(id=18, name=Birmenhem Tour, description=Realy nice tour, durationDays=18, countries=null, transport=TransportDto(id=8, name=Plane, capacity=150, cost=67.8))]), CountryDto(id=12, name=Indonesia, available=true, attractions=Sea, visaCost=17.0, nationalLanguages=Spanish, tours=[TourDto(id=16, name=InDOnES Tour, description=null, durationDays=11, countries=null, transport=TransportDto(id=6, name=Bicycle, capacity=1, cost=5.0))]), CountryDto(id=13, name=Greece, available=true, attractions=Olimpia, visaCost=58.0, nationalLanguages=Greece, English, tours=[TourDto(id=17, name=Greece Tour, description=null, durationDays=7, countries=null, transport=TransportDto(id=9, name=Luxary Bus, capacity=20, cost=120.45))]), CountryDto(id=14, name=Japan, available=true, attractions=Akihabara, visaCost=30.0, nationalLanguages=Japanese, tours=[TourDto(id=20, name=Tokyo tour, description=Tour for anime lovers, durationDays=4, countries=null, transport=TransportDto(id=9, name=Luxary Bus, capacity=20, cost=120.45))]), CountryDto(id=15, name=Russia, available=true, attractions=Kremyl, visaCost=25.0, nationalLanguages=Russian, tours=[TourDto(id=21, name=EKT tour, description=Tour for anime lovers, durationDays=47, countries=null, transport=TransportDto(id=10, name=Jet, capacity=15, cost=259.48))])]
2025-03-17 09:21:50.542 INFO  o.e.a.logging.LoggingAspect - Вход в метод контроллера: TourController.getAllTours() с аргументами: []
2025-03-17 09:21:50.542 INFO  o.e.a.logging.LoggingAspect - Все Тур успешно получены из кэша, количество: 15
2025-03-17 09:21:50.543 INFO  o.e.a.logging.LoggingAspect - Выход из метода контроллера: TourController.getAllTours() с результатом: [TourDto(id=2, name=Paris Tour, description=Very nice tour, durationDays=12, countries=[], transport=TransportDto(id=3, name=Bus, capacity=50, cost=10.43)), TourDto(id=3, name=Minsk Tour, description=, durationDays=5, countries=[CountryDto(id=3, name=Belarus, available=true, attractions=Belovezhskaya Puscha, visaCost=10.0, nationalLanguages=Russian, Belorassian, tours=null)], transport=null), TourDto(id=7, name=Krakow Tour, description=, durationDays=3, countries=[], transport=TransportDto(id=8, name=Plane, capacity=150, cost=67.8)), TourDto(id=9, name=Kiev Tour, description=null, durationDays=10, countries=[CountryDto(id=5, name=Ukraine, available=true, attractions=Chernobyl, visaCost=11.0, nationalLanguages=Ukranian, tours=null)], transport=TransportDto(id=3, name=Bus, capacity=50, cost=10.43)), TourDto(id=10, name=Saint-Petersburg Tour, description=null, durationDays=4, countries=[], transport=null), TourDto(id=11, name=Krakov Tour, description=null, durationDays=5, countries=[CountryDto(id=6, name=Poland, available=true, attractions=Belovezhskaya Puscha, visaCost=50.0, nationalLanguages=Polish, tours=null)], transport=TransportDto(id=7, name=Horse, capacity=1, cost=55.89)), TourDto(id=12, name=Astana Tour, description=null, durationDays=8, countries=[], transport=TransportDto(id=3, name=Bus, capacity=50, cost=10.43)), TourDto(id=13, name=Seul Tour, description=null, durationDays=13, countries=[CountryDto(id=9, name=South Korea, available=true, attractions=Seul TV , visaCost=23.0, nationalLanguages=Korean, tours=null)], transport=TransportDto(id=3, name=Bus, capacity=50, cost=10.43)), TourDto(id=14, name=London Tour, description=null, durationDays=9, countries=[CountryDto(id=10, name=United Kingdom, available=true, attractions=London Uye, visaCost=43.0, nationalLanguages=English, tours=null)], transport=TransportDto(id=6, name=Bicycle, capacity=1, cost=5.0)), TourDto(id=15, name=Homel Tour, description=null, durationDays=15, countries=[CountryDto(id=3, name=Belarus, available=true, attractions=Belovezhskaya Puscha, visaCost=10.0, nationalLanguages=Russian, Belorassian, tours=null)], transport=TransportDto(id=3, name=Bus, capacity=50, cost=10.43)), TourDto(id=16, name=InDOnES Tour, description=null, durationDays=11, countries=[CountryDto(id=12, name=Indonesia, available=true, attractions=Sea, visaCost=17.0, nationalLanguages=Spanish, tours=null)], transport=TransportDto(id=6, name=Bicycle, capacity=1, cost=5.0)), TourDto(id=17, name=Greece Tour, description=null, durationDays=7, countries=[CountryDto(id=13, name=Greece, available=true, attractions=Olimpia, visaCost=58.0, nationalLanguages=Greece, English, tours=null)], transport=TransportDto(id=9, name=Luxary Bus, capacity=20, cost=120.45)), TourDto(id=18, name=Birmenhem Tour, description=Realy nice tour, durationDays=18, countries=[CountryDto(id=10, name=United Kingdom, available=true, attractions=London Uye, visaCost=43.0, nationalLanguages=English, tours=null)], transport=TransportDto(id=8, name=Plane, capacity=150, cost=67.8)), TourDto(id=20, name=Tokyo tour, description=Tour for anime lovers, durationDays=4, countries=[CountryDto(id=14, name=Japan, available=true, attractions=Akihabara, visaCost=30.0, nationalLanguages=Japanese, tours=null)], transport=TransportDto(id=9, name=Luxary Bus, capacity=20, cost=120.45)), TourDto(id=21, name=EKT tour, description=Tour for anime lovers, durationDays=47, countries=[CountryDto(id=15, name=Russia, available=true, attractions=Kremyl, visaCost=25.0, nationalLanguages=Russian, tours=null)], transport=TransportDto(id=10, name=Jet, capacity=15, cost=259.48))]
2025-03-17 09:21:57.093 INFO  o.s.b.w.e.tomcat.GracefulShutdown - Commencing graceful shutdown. Waiting for active requests to complete
2025-03-17 09:21:57.103 INFO  o.s.b.w.e.tomcat.GracefulShutdown - Graceful shutdown complete
2025-03-17 09:21:57.108 INFO  o.s.o.j.LocalContainerEntityManagerFactoryBean - Closing JPA EntityManagerFactory for persistence unit 'default'
2025-03-17 09:21:57.110 INFO  com.zaxxer.hikari.HikariDataSource - HikariPool-1 - Shutdown initiated...
2025-03-17 09:21:57.121 INFO  com.zaxxer.hikari.HikariDataSource - HikariPool-1 - Shutdown completed.
