2025-03-18 14:23:04.300 INFO  o.e.a.AdventureTimeApplication - Starting AdventureTimeApplication using Java 23.0.2 with PID 5488 (C:\Users\alexe\IdeaProjects\AdventureTime\target\classes started by alexe in C:\Users\alexe\IdeaProjects\AdventureTime)
2025-03-18 14:23:04.303 INFO  o.e.a.AdventureTimeApplication - No active profile set, falling back to 1 default profile: "default"
2025-03-18 14:23:05.497 INFO  o.s.d.r.c.RepositoryConfigurationDelegate - Bootstrapping Spring Data JPA repositories in DEFAULT mode.
2025-03-18 14:23:05.579 INFO  o.s.d.r.c.RepositoryConfigurationDelegate - Finished Spring Data repository scanning in 72 ms. Found 3 JPA repository interfaces.
2025-03-18 14:23:06.559 INFO  o.s.b.w.e.tomcat.TomcatWebServer - Tomcat initialized with port 8080 (http)
2025-03-18 14:23:06.578 INFO  o.a.coyote.http11.Http11NioProtocol - Initializing ProtocolHandler ["http-nio-8080"]
2025-03-18 14:23:06.580 INFO  o.a.catalina.core.StandardService - Starting service [Tomcat]
2025-03-18 14:23:06.580 INFO  o.a.catalina.core.StandardEngine - Starting Servlet engine: [Apache Tomcat/10.1.34]
2025-03-18 14:23:06.666 INFO  o.a.c.c.C.[Tomcat].[localhost].[/] - Initializing Spring embedded WebApplicationContext
2025-03-18 14:23:06.666 INFO  o.s.b.w.s.c.ServletWebServerApplicationContext - Root WebApplicationContext: initialization completed in 2270 ms
2025-03-18 14:23:06.947 INFO  o.h.jpa.internal.util.LogHelper - HHH000204: Processing PersistenceUnitInfo [name: default]
2025-03-18 14:23:07.044 INFO  org.hibernate.Version - HHH000412: Hibernate ORM core version 6.6.5.Final
2025-03-18 14:23:07.090 INFO  o.h.c.i.RegionFactoryInitiator - HHH000026: Second-level cache disabled
2025-03-18 14:23:07.582 INFO  o.s.o.j.p.SpringPersistenceUnitInfo - No LoadTimeWeaver setup: ignoring JPA class transformer
2025-03-18 14:23:07.628 INFO  com.zaxxer.hikari.HikariDataSource - HikariPool-1 - Starting...
2025-03-18 14:23:07.832 INFO  com.zaxxer.hikari.pool.HikariPool - HikariPool-1 - Added connection com.mysql.cj.jdbc.ConnectionImpl@3568ea59
2025-03-18 14:23:07.835 INFO  com.zaxxer.hikari.HikariDataSource - HikariPool-1 - Start completed.
2025-03-18 14:23:07.886 WARN  org.hibernate.dialect.Dialect - HHH000511: The 5.7.24 version for [org.hibernate.dialect.MySQLDialect] is no longer supported, hence certain features may not work properly. The minimum supported version is 8.0.0. Check the community dialects project for available legacy versions.
2025-03-18 14:23:07.891 WARN  org.hibernate.orm.deprecation - HHH90000025: MySQLDialect does not need to be specified explicitly using 'hibernate.dialect' (remove the property setting and it will be selected by default)
2025-03-18 14:23:07.915 INFO  o.hibernate.orm.connections.pooling - HHH10001005: Database info:
	Database JDBC URL [Connecting through datasource 'HikariDataSource (HikariPool-1)']
	Database driver: undefined/unknown
	Database version: 5.7.24
	Autocommit mode: undefined/unknown
	Isolation level: undefined/unknown
	Minimum pool size: undefined/unknown
	Maximum pool size: undefined/unknown
2025-03-18 14:23:09.304 INFO  o.h.e.t.j.p.i.JtaPlatformInitiator - HHH000489: No JTA platform available (set 'hibernate.transaction.jta.platform' to enable JTA platform integration)
2025-03-18 14:23:09.446 INFO  o.s.o.j.LocalContainerEntityManagerFactoryBean - Initialized JPA EntityManagerFactory for persistence unit 'default'
2025-03-18 14:23:10.278 INFO  o.s.d.j.r.query.QueryEnhancerFactory - Hibernate is in classpath; If applicable, HQL parser will be used.
2025-03-18 14:23:11.535 WARN  o.s.b.a.o.j.JpaBaseConfiguration$JpaWebConfiguration - spring.jpa.open-in-view is enabled by default. Therefore, database queries may be performed during view rendering. Explicitly configure spring.jpa.open-in-view to disable this warning
2025-03-18 14:23:11.659 INFO  o.s.v.b.OptionalValidatorFactoryBean - Failed to set up a Bean Validation provider: jakarta.validation.NoProviderFoundException: Unable to create a Configuration, because no Jakarta Bean Validation provider could be found. Add a provider like Hibernate Validator (RI) to your classpath.
2025-03-18 14:23:12.728 INFO  o.a.coyote.http11.Http11NioProtocol - Starting ProtocolHandler ["http-nio-8080"]
2025-03-18 14:23:12.764 INFO  o.s.b.w.e.tomcat.TomcatWebServer - Tomcat started on port 8080 (http) with context path '/'
2025-03-18 14:23:12.778 INFO  o.e.a.AdventureTimeApplication - Started AdventureTimeApplication in 9.312 seconds (process running for 10.574)
2025-03-18 14:23:14.113 INFO  o.a.c.c.C.[Tomcat].[localhost].[/] - Initializing Spring DispatcherServlet 'dispatcherServlet'
2025-03-18 14:23:14.114 INFO  o.s.web.servlet.DispatcherServlet - Initializing Servlet 'dispatcherServlet'
2025-03-18 14:23:14.116 INFO  o.s.web.servlet.DispatcherServlet - Completed initialization in 2 ms
2025-03-18 14:23:14.194 INFO  o.e.a.logging.LoggingAspect - Вход в метод контроллера: TourController.getToursByTransportType(..) с аргументами: [Bicycle]
2025-03-18 14:23:14.431 INFO  o.e.a.logging.LoggingAspect - Выход из метода контроллера: TourController.getToursByTransportType(..) с результатом: <200 OK OK,[TourDto(id=14, name=London Tour, description=null, durationDays=9, countries=[CountryDto(id=10, name=United Kingdom, available=true, attractions=London Uye, visaCost=43.0, nationalLanguages=English, tours=null)], transport=TransportDto(id=6, name=Bicycle, capacity=1, cost=5.0)), TourDto(id=16, name=InDOnES Tour, description=null, durationDays=11, countries=[CountryDto(id=12, name=Indonesia, available=true, attractions=Sea, visaCost=17.0, nationalLanguages=Spanish, tours=null)], transport=TransportDto(id=6, name=Bicycle, capacity=1, cost=5.0))],[]>
2025-03-18 14:23:17.886 INFO  o.e.a.logging.LoggingAspect - Вход в метод контроллера: TourController.getToursByTransportTypeNative(..) с аргументами: [Bicycle]
2025-03-18 14:23:17.901 INFO  o.e.a.logging.LoggingAspect - Выход из метода контроллера: TourController.getToursByTransportTypeNative(..) с результатом: <200 OK OK,[TourDto(id=14, name=London Tour, description=null, durationDays=9, countries=[CountryDto(id=10, name=United Kingdom, available=true, attractions=London Uye, visaCost=43.0, nationalLanguages=English, tours=null)], transport=TransportDto(id=6, name=Bicycle, capacity=1, cost=5.0)), TourDto(id=16, name=InDOnES Tour, description=null, durationDays=11, countries=[CountryDto(id=12, name=Indonesia, available=true, attractions=Sea, visaCost=17.0, nationalLanguages=Spanish, tours=null)], transport=TransportDto(id=6, name=Bicycle, capacity=1, cost=5.0))],[]>
2025-03-18 14:23:22.607 INFO  o.e.a.logging.LoggingAspect - Вход в метод контроллера: TourController.getToursByTransportTypeNative(..) с аргументами: [Bicycle]
2025-03-18 14:23:22.619 INFO  o.e.a.logging.LoggingAspect - Выход из метода контроллера: TourController.getToursByTransportTypeNative(..) с результатом: <200 OK OK,[TourDto(id=14, name=London Tour, description=null, durationDays=9, countries=[CountryDto(id=10, name=United Kingdom, available=true, attractions=London Uye, visaCost=43.0, nationalLanguages=English, tours=null)], transport=TransportDto(id=6, name=Bicycle, capacity=1, cost=5.0)), TourDto(id=16, name=InDOnES Tour, description=null, durationDays=11, countries=[CountryDto(id=12, name=Indonesia, available=true, attractions=Sea, visaCost=17.0, nationalLanguages=Spanish, tours=null)], transport=TransportDto(id=6, name=Bicycle, capacity=1, cost=5.0))],[]>
2025-03-18 14:24:01.139 WARN  o.s.w.s.m.s.DefaultHandlerExceptionResolver - Resolved [org.springframework.web.bind.MissingServletRequestParameterException: Required request parameter 'name' for method parameter type String is not present]
2025-03-18 14:24:06.610 WARN  o.s.w.s.m.s.DefaultHandlerExceptionResolver - Resolved [org.springframework.web.method.annotation.MethodArgumentTypeMismatchException: Method parameter 'id': Failed to convert value of type 'java.lang.String' to required type 'java.lang.Long'; For input string: "by-transportNative=Bicycle"]
2025-03-18 14:24:13.149 INFO  o.e.a.logging.LoggingAspect - Вход в метод контроллера: TourController.getToursByTransportTypeNative(..) с аргументами: [Bicycle]
2025-03-18 14:24:13.161 INFO  o.e.a.logging.LoggingAspect - Выход из метода контроллера: TourController.getToursByTransportTypeNative(..) с результатом: <200 OK OK,[TourDto(id=14, name=London Tour, description=null, durationDays=9, countries=[CountryDto(id=10, name=United Kingdom, available=true, attractions=London Uye, visaCost=43.0, nationalLanguages=English, tours=null)], transport=TransportDto(id=6, name=Bicycle, capacity=1, cost=5.0)), TourDto(id=16, name=InDOnES Tour, description=null, durationDays=11, countries=[CountryDto(id=12, name=Indonesia, available=true, attractions=Sea, visaCost=17.0, nationalLanguages=Spanish, tours=null)], transport=TransportDto(id=6, name=Bicycle, capacity=1, cost=5.0))],[]>
2025-03-18 14:24:54.110 INFO  o.s.b.w.e.tomcat.GracefulShutdown - Commencing graceful shutdown. Waiting for active requests to complete
2025-03-18 14:24:54.120 INFO  o.s.b.w.e.tomcat.GracefulShutdown - Graceful shutdown complete
2025-03-18 14:24:54.128 INFO  o.s.o.j.LocalContainerEntityManagerFactoryBean - Closing JPA EntityManagerFactory for persistence unit 'default'
2025-03-18 14:24:54.131 INFO  com.zaxxer.hikari.HikariDataSource - HikariPool-1 - Shutdown initiated...
2025-03-18 14:24:54.144 INFO  com.zaxxer.hikari.HikariDataSource - HikariPool-1 - Shutdown completed.
2025-03-18 14:25:00.974 INFO  o.e.a.AdventureTimeApplication - Starting AdventureTimeApplication using Java 23.0.2 with PID 8084 (C:\Users\alexe\IdeaProjects\AdventureTime\target\classes started by alexe in C:\Users\alexe\IdeaProjects\AdventureTime)
2025-03-18 14:25:00.976 INFO  o.e.a.AdventureTimeApplication - No active profile set, falling back to 1 default profile: "default"
2025-03-18 14:25:01.944 INFO  o.s.d.r.c.RepositoryConfigurationDelegate - Bootstrapping Spring Data JPA repositories in DEFAULT mode.
2025-03-18 14:25:02.027 INFO  o.s.d.r.c.RepositoryConfigurationDelegate - Finished Spring Data repository scanning in 73 ms. Found 3 JPA repository interfaces.
2025-03-18 14:25:02.959 INFO  o.s.b.w.e.tomcat.TomcatWebServer - Tomcat initialized with port 8080 (http)
2025-03-18 14:25:02.977 INFO  o.a.coyote.http11.Http11NioProtocol - Initializing ProtocolHandler ["http-nio-8080"]
2025-03-18 14:25:02.979 INFO  o.a.catalina.core.StandardService - Starting service [Tomcat]
2025-03-18 14:25:02.979 INFO  o.a.catalina.core.StandardEngine - Starting Servlet engine: [Apache Tomcat/10.1.34]
2025-03-18 14:25:03.071 INFO  o.a.c.c.C.[Tomcat].[localhost].[/] - Initializing Spring embedded WebApplicationContext
2025-03-18 14:25:03.071 INFO  o.s.b.w.s.c.ServletWebServerApplicationContext - Root WebApplicationContext: initialization completed in 2029 ms
2025-03-18 14:25:03.382 INFO  o.h.jpa.internal.util.LogHelper - HHH000204: Processing PersistenceUnitInfo [name: default]
2025-03-18 14:25:03.470 INFO  org.hibernate.Version - HHH000412: Hibernate ORM core version 6.6.5.Final
2025-03-18 14:25:03.514 INFO  o.h.c.i.RegionFactoryInitiator - HHH000026: Second-level cache disabled
2025-03-18 14:25:03.884 INFO  o.s.o.j.p.SpringPersistenceUnitInfo - No LoadTimeWeaver setup: ignoring JPA class transformer
2025-03-18 14:25:03.919 INFO  com.zaxxer.hikari.HikariDataSource - HikariPool-1 - Starting...
2025-03-18 14:25:04.097 INFO  com.zaxxer.hikari.pool.HikariPool - HikariPool-1 - Added connection com.mysql.cj.jdbc.ConnectionImpl@1eb9d69a
2025-03-18 14:25:04.099 INFO  com.zaxxer.hikari.HikariDataSource - HikariPool-1 - Start completed.
2025-03-18 14:25:04.145 WARN  org.hibernate.dialect.Dialect - HHH000511: The 5.7.24 version for [org.hibernate.dialect.MySQLDialect] is no longer supported, hence certain features may not work properly. The minimum supported version is 8.0.0. Check the community dialects project for available legacy versions.
2025-03-18 14:25:04.150 WARN  org.hibernate.orm.deprecation - HHH90000025: MySQLDialect does not need to be specified explicitly using 'hibernate.dialect' (remove the property setting and it will be selected by default)
2025-03-18 14:25:04.172 INFO  o.hibernate.orm.connections.pooling - HHH10001005: Database info:
	Database JDBC URL [Connecting through datasource 'HikariDataSource (HikariPool-1)']
	Database driver: undefined/unknown
	Database version: 5.7.24
	Autocommit mode: undefined/unknown
	Isolation level: undefined/unknown
	Minimum pool size: undefined/unknown
	Maximum pool size: undefined/unknown
2025-03-18 14:25:05.433 INFO  o.h.e.t.j.p.i.JtaPlatformInitiator - HHH000489: No JTA platform available (set 'hibernate.transaction.jta.platform' to enable JTA platform integration)
2025-03-18 14:25:05.536 INFO  o.s.o.j.LocalContainerEntityManagerFactoryBean - Initialized JPA EntityManagerFactory for persistence unit 'default'
2025-03-18 14:25:06.075 INFO  o.s.d.j.r.query.QueryEnhancerFactory - Hibernate is in classpath; If applicable, HQL parser will be used.
2025-03-18 14:25:06.969 WARN  o.s.b.a.o.j.JpaBaseConfiguration$JpaWebConfiguration - spring.jpa.open-in-view is enabled by default. Therefore, database queries may be performed during view rendering. Explicitly configure spring.jpa.open-in-view to disable this warning
2025-03-18 14:25:07.077 INFO  o.s.v.b.OptionalValidatorFactoryBean - Failed to set up a Bean Validation provider: jakarta.validation.NoProviderFoundException: Unable to create a Configuration, because no Jakarta Bean Validation provider could be found. Add a provider like Hibernate Validator (RI) to your classpath.
2025-03-18 14:25:07.885 INFO  o.a.coyote.http11.Http11NioProtocol - Starting ProtocolHandler ["http-nio-8080"]
2025-03-18 14:25:07.908 INFO  o.s.b.w.e.tomcat.TomcatWebServer - Tomcat started on port 8080 (http) with context path '/'
2025-03-18 14:25:07.919 INFO  o.e.a.AdventureTimeApplication - Started AdventureTimeApplication in 7.583 seconds (process running for 8.372)
2025-03-18 14:25:09.034 INFO  o.a.c.c.C.[Tomcat].[localhost].[/] - Initializing Spring DispatcherServlet 'dispatcherServlet'
2025-03-18 14:25:09.034 INFO  o.s.web.servlet.DispatcherServlet - Initializing Servlet 'dispatcherServlet'
2025-03-18 14:25:09.036 INFO  o.s.web.servlet.DispatcherServlet - Completed initialization in 2 ms
2025-03-18 14:25:09.102 INFO  o.e.a.logging.LoggingAspect - Вход в метод контроллера: TourController.getToursByTransportType(..) с аргументами: [Bicycle]
2025-03-18 14:25:09.262 INFO  o.e.a.logging.LoggingAspect - Выход из метода контроллера: TourController.getToursByTransportType(..) с результатом: <200 OK OK,[TourDto(id=14, name=London Tour, description=null, durationDays=9, countries=[CountryDto(id=10, name=United Kingdom, available=true, attractions=London Uye, visaCost=43.0, nationalLanguages=English, tours=null)], transport=TransportDto(id=6, name=Bicycle, capacity=1, cost=5.0)), TourDto(id=16, name=InDOnES Tour, description=null, durationDays=11, countries=[CountryDto(id=12, name=Indonesia, available=true, attractions=Sea, visaCost=17.0, nationalLanguages=Spanish, tours=null)], transport=TransportDto(id=6, name=Bicycle, capacity=1, cost=5.0))],[]>
2025-03-18 14:25:12.532 INFO  o.e.a.logging.LoggingAspect - Вход в метод контроллера: TourController.getToursByTransportTypeNative(..) с аргументами: [Bicycle]
2025-03-18 14:25:12.619 INFO  o.e.a.logging.LoggingAspect - Выход из метода контроллера: TourController.getToursByTransportTypeNative(..) с результатом: <200 OK OK,[TourDto(id=14, name=London Tour, description=null, durationDays=9, countries=[CountryDto(id=10, name=United Kingdom, available=true, attractions=London Uye, visaCost=43.0, nationalLanguages=English, tours=null)], transport=TransportDto(id=6, name=Bicycle, capacity=1, cost=5.0)), TourDto(id=16, name=InDOnES Tour, description=null, durationDays=11, countries=[CountryDto(id=12, name=Indonesia, available=true, attractions=Sea, visaCost=17.0, nationalLanguages=Spanish, tours=null)], transport=TransportDto(id=6, name=Bicycle, capacity=1, cost=5.0))],[]>
2025-03-18 14:25:18.544 WARN  o.s.w.s.m.s.DefaultHandlerExceptionResolver - Resolved [org.springframework.web.bind.MissingServletRequestParameterException: Required request parameter 'name' for method parameter type String is not present]
2025-03-18 14:25:22.619 WARN  o.s.w.s.m.s.DefaultHandlerExceptionResolver - Resolved [org.springframework.web.method.annotation.MethodArgumentTypeMismatchException: Method parameter 'id': Failed to convert value of type 'java.lang.String' to required type 'java.lang.Long'; For input string: "by-transportNative=Bicycle"]
2025-03-18 14:25:27.452 INFO  o.e.a.logging.LoggingAspect - Вход в метод контроллера: TourController.getToursByTransportTypeNative(..) с аргументами: [Bicycle]
2025-03-18 14:25:27.465 INFO  o.e.a.logging.LoggingAspect - Выход из метода контроллера: TourController.getToursByTransportTypeNative(..) с результатом: <200 OK OK,[TourDto(id=14, name=London Tour, description=null, durationDays=9, countries=[CountryDto(id=10, name=United Kingdom, available=true, attractions=London Uye, visaCost=43.0, nationalLanguages=English, tours=null)], transport=TransportDto(id=6, name=Bicycle, capacity=1, cost=5.0)), TourDto(id=16, name=InDOnES Tour, description=null, durationDays=11, countries=[CountryDto(id=12, name=Indonesia, available=true, attractions=Sea, visaCost=17.0, nationalLanguages=Spanish, tours=null)], transport=TransportDto(id=6, name=Bicycle, capacity=1, cost=5.0))],[]>
2025-03-18 14:32:52.678 INFO  o.e.a.logging.LoggingAspect - Вход в метод контроллера: TourController.getToursByTransportTypeNative(..) с аргументами: [Bicycle]
2025-03-18 14:32:52.687 INFO  o.e.a.logging.LoggingAspect - Выход из метода контроллера: TourController.getToursByTransportTypeNative(..) с результатом: <200 OK OK,[TourDto(id=14, name=London Tour, description=null, durationDays=9, countries=[CountryDto(id=10, name=United Kingdom, available=true, attractions=London Uye, visaCost=43.0, nationalLanguages=English, tours=null)], transport=TransportDto(id=6, name=Bicycle, capacity=1, cost=5.0)), TourDto(id=16, name=InDOnES Tour, description=null, durationDays=11, countries=[CountryDto(id=12, name=Indonesia, available=true, attractions=Sea, visaCost=17.0, nationalLanguages=Spanish, tours=null)], transport=TransportDto(id=6, name=Bicycle, capacity=1, cost=5.0))],[]>
2025-03-18 14:32:56.361 INFO  o.e.a.logging.LoggingAspect - Вход в метод контроллера: TourController.getToursByTransportType(..) с аргументами: [Bicycle]
2025-03-18 14:32:56.373 INFO  o.e.a.logging.LoggingAspect - Выход из метода контроллера: TourController.getToursByTransportType(..) с результатом: <200 OK OK,[TourDto(id=14, name=London Tour, description=null, durationDays=9, countries=[CountryDto(id=10, name=United Kingdom, available=true, attractions=London Uye, visaCost=43.0, nationalLanguages=English, tours=null)], transport=TransportDto(id=6, name=Bicycle, capacity=1, cost=5.0)), TourDto(id=16, name=InDOnES Tour, description=null, durationDays=11, countries=[CountryDto(id=12, name=Indonesia, available=true, attractions=Sea, visaCost=17.0, nationalLanguages=Spanish, tours=null)], transport=TransportDto(id=6, name=Bicycle, capacity=1, cost=5.0))],[]>
2025-03-18 14:33:02.989 INFO  o.e.a.logging.LoggingAspect - Вход в метод контроллера: TourController.getToursByTransportTypeNative(..) с аргументами: [Car]
2025-03-18 14:33:02.993 INFO  o.e.a.logging.LoggingAspect - Выход из метода контроллера: TourController.getToursByTransportTypeNative(..) с результатом: <200 OK OK,[],[]>
2025-03-18 14:33:10.955 INFO  o.e.a.logging.LoggingAspect - Вход в метод контроллера: TourController.getToursByTransportTypeNative(..) с аргументами: [Bus]
2025-03-18 14:33:10.969 INFO  o.e.a.logging.LoggingAspect - Выход из метода контроллера: TourController.getToursByTransportTypeNative(..) с результатом: <200 OK OK,[TourDto(id=2, name=Paris Tour, description=Very nice tour, durationDays=12, countries=[], transport=TransportDto(id=3, name=Bus, capacity=50, cost=10.43)), TourDto(id=9, name=Kiev Tour, description=null, durationDays=10, countries=[CountryDto(id=5, name=Ukraine, available=true, attractions=Chernobyl, visaCost=11.0, nationalLanguages=Ukranian, tours=null)], transport=TransportDto(id=3, name=Bus, capacity=50, cost=10.43)), TourDto(id=12, name=Astana Tour, description=null, durationDays=8, countries=[], transport=TransportDto(id=3, name=Bus, capacity=50, cost=10.43)), TourDto(id=13, name=Seul Tour, description=null, durationDays=13, countries=[CountryDto(id=9, name=South Korea, available=true, attractions=Seul TV , visaCost=23.0, nationalLanguages=Korean, tours=null)], transport=TransportDto(id=3, name=Bus, capacity=50, cost=10.43)), TourDto(id=15, name=Homel Tour, description=null, durationDays=15, countries=[CountryDto(id=3, name=Belarus, available=true, attractions=Belovezhskaya Puscha, visaCost=10.0, nationalLanguages=Russian, Belorassian, tours=null)], transport=TransportDto(id=3, name=Bus, capacity=50, cost=10.43))],[]>
2025-03-18 14:33:36.200 INFO  o.e.a.logging.LoggingAspect - Вход в метод контроллера: TransportController.getAllTransports() с аргументами: []
2025-03-18 14:33:36.201 INFO  o.e.a.logging.LoggingAspect - Все Транспорт успешно получены из кэша, количество: 0
2025-03-18 14:33:36.241 INFO  o.e.a.logging.LoggingAspect - Все Неизвестный тип успешно получены из базы данных, количество: 7
2025-03-18 14:33:36.242 INFO  o.e.a.logging.LoggingAspect - Добавление/обновление Транспорт с ID 3 в кэше
2025-03-18 14:33:36.242 INFO  o.e.a.logging.LoggingAspect - Транспорт с ID 3 успешно добавлен/обновлен в кэше
2025-03-18 14:33:36.242 INFO  o.e.a.logging.LoggingAspect - Добавление/обновление Транспорт с ID 5 в кэше
2025-03-18 14:33:36.243 INFO  o.e.a.logging.LoggingAspect - Транспорт с ID 5 успешно добавлен/обновлен в кэше
2025-03-18 14:33:36.243 INFO  o.e.a.logging.LoggingAspect - Добавление/обновление Транспорт с ID 6 в кэше
2025-03-18 14:33:36.243 INFO  o.e.a.logging.LoggingAspect - Транспорт с ID 6 успешно добавлен/обновлен в кэше
2025-03-18 14:33:36.243 INFO  o.e.a.logging.LoggingAspect - Добавление/обновление Транспорт с ID 7 в кэше
2025-03-18 14:33:36.243 INFO  o.e.a.logging.LoggingAspect - Транспорт с ID 7 успешно добавлен/обновлен в кэше
2025-03-18 14:33:36.243 INFO  o.e.a.logging.LoggingAspect - Добавление/обновление Транспорт с ID 8 в кэше
2025-03-18 14:33:36.243 INFO  o.e.a.logging.LoggingAspect - Транспорт с ID 8 успешно добавлен/обновлен в кэше
2025-03-18 14:33:36.243 INFO  o.e.a.logging.LoggingAspect - Добавление/обновление Транспорт с ID 9 в кэше
2025-03-18 14:33:36.243 INFO  o.e.a.logging.LoggingAspect - Транспорт с ID 9 успешно добавлен/обновлен в кэше
2025-03-18 14:33:36.243 INFO  o.e.a.logging.LoggingAspect - Добавление/обновление Транспорт с ID 10 в кэше
2025-03-18 14:33:36.243 INFO  o.e.a.logging.LoggingAspect - Транспорт с ID 10 успешно добавлен/обновлен в кэше
2025-03-18 14:33:36.243 INFO  o.e.a.logging.LoggingAspect - Выход из метода контроллера: TransportController.getAllTransports() с результатом: [TransportDto(id=3, name=Bus, capacity=50, cost=10.43), TransportDto(id=5, name=Car, capacity=4, cost=88.47), TransportDto(id=6, name=Bicycle, capacity=1, cost=5.0), TransportDto(id=7, name=Horse, capacity=1, cost=55.89), TransportDto(id=8, name=Plane, capacity=150, cost=67.8), TransportDto(id=9, name=Luxary Bus, capacity=20, cost=120.45), TransportDto(id=10, name=Jet, capacity=15, cost=259.48)]
2025-03-18 14:33:37.601 INFO  o.e.a.logging.LoggingAspect - Вход в метод контроллера: TransportController.getAllTransports() с аргументами: []
2025-03-18 14:33:37.601 INFO  o.e.a.logging.LoggingAspect - Все Транспорт успешно получены из кэша, количество: 7
2025-03-18 14:33:37.601 INFO  o.e.a.logging.LoggingAspect - Выход из метода контроллера: TransportController.getAllTransports() с результатом: [TransportDto(id=3, name=Bus, capacity=50, cost=10.43), TransportDto(id=5, name=Car, capacity=4, cost=88.47), TransportDto(id=6, name=Bicycle, capacity=1, cost=5.0), TransportDto(id=7, name=Horse, capacity=1, cost=55.89), TransportDto(id=8, name=Plane, capacity=150, cost=67.8), TransportDto(id=9, name=Luxary Bus, capacity=20, cost=120.45), TransportDto(id=10, name=Jet, capacity=15, cost=259.48)]
2025-03-18 14:33:38.507 INFO  o.e.a.logging.LoggingAspect - Вход в метод контроллера: TransportController.getAllTransports() с аргументами: []
2025-03-18 14:33:38.507 INFO  o.e.a.logging.LoggingAspect - Все Транспорт успешно получены из кэша, количество: 7
2025-03-18 14:33:38.507 INFO  o.e.a.logging.LoggingAspect - Выход из метода контроллера: TransportController.getAllTransports() с результатом: [TransportDto(id=3, name=Bus, capacity=50, cost=10.43), TransportDto(id=5, name=Car, capacity=4, cost=88.47), TransportDto(id=6, name=Bicycle, capacity=1, cost=5.0), TransportDto(id=7, name=Horse, capacity=1, cost=55.89), TransportDto(id=8, name=Plane, capacity=150, cost=67.8), TransportDto(id=9, name=Luxary Bus, capacity=20, cost=120.45), TransportDto(id=10, name=Jet, capacity=15, cost=259.48)]
2025-03-18 14:33:39.364 INFO  o.e.a.logging.LoggingAspect - Вход в метод контроллера: TransportController.getAllTransports() с аргументами: []
2025-03-18 14:33:39.364 INFO  o.e.a.logging.LoggingAspect - Все Транспорт успешно получены из кэша, количество: 7
2025-03-18 14:33:39.364 INFO  o.e.a.logging.LoggingAspect - Выход из метода контроллера: TransportController.getAllTransports() с результатом: [TransportDto(id=3, name=Bus, capacity=50, cost=10.43), TransportDto(id=5, name=Car, capacity=4, cost=88.47), TransportDto(id=6, name=Bicycle, capacity=1, cost=5.0), TransportDto(id=7, name=Horse, capacity=1, cost=55.89), TransportDto(id=8, name=Plane, capacity=150, cost=67.8), TransportDto(id=9, name=Luxary Bus, capacity=20, cost=120.45), TransportDto(id=10, name=Jet, capacity=15, cost=259.48)]
2025-03-18 14:33:40.200 INFO  o.e.a.logging.LoggingAspect - Вход в метод контроллера: TransportController.getAllTransports() с аргументами: []
2025-03-18 14:33:40.200 INFO  o.e.a.logging.LoggingAspect - Все Транспорт успешно получены из кэша, количество: 7
2025-03-18 14:33:40.200 INFO  o.e.a.logging.LoggingAspect - Выход из метода контроллера: TransportController.getAllTransports() с результатом: [TransportDto(id=3, name=Bus, capacity=50, cost=10.43), TransportDto(id=5, name=Car, capacity=4, cost=88.47), TransportDto(id=6, name=Bicycle, capacity=1, cost=5.0), TransportDto(id=7, name=Horse, capacity=1, cost=55.89), TransportDto(id=8, name=Plane, capacity=150, cost=67.8), TransportDto(id=9, name=Luxary Bus, capacity=20, cost=120.45), TransportDto(id=10, name=Jet, capacity=15, cost=259.48)]
2025-03-18 14:33:42.571 INFO  o.e.a.logging.LoggingAspect - Вход в метод контроллера: CountryController.getAllCountries() с аргументами: []
2025-03-18 14:33:42.572 INFO  o.e.a.logging.LoggingAspect - Все Неизвестный тип успешно получены из кэша, количество: 0
2025-03-18 14:33:42.584 INFO  o.e.a.logging.LoggingAspect - Все Неизвестный тип успешно получены из базы данных, количество: 10
2025-03-18 14:33:42.615 INFO  o.e.a.logging.LoggingAspect - Добавление/обновление Страна с ID 3 в кэше
2025-03-18 14:33:42.616 INFO  o.e.a.logging.LoggingAspect - Страна с ID 3 успешно добавлен/обновлен в кэше
2025-03-18 14:33:42.616 INFO  o.e.a.logging.LoggingAspect - Добавление/обновление Страна с ID 5 в кэше
2025-03-18 14:33:42.616 INFO  o.e.a.logging.LoggingAspect - Страна с ID 5 успешно добавлен/обновлен в кэше
2025-03-18 14:33:42.616 INFO  o.e.a.logging.LoggingAspect - Добавление/обновление Страна с ID 6 в кэше
2025-03-18 14:33:42.616 INFO  o.e.a.logging.LoggingAspect - Страна с ID 6 успешно добавлен/обновлен в кэше
2025-03-18 14:33:42.616 INFO  o.e.a.logging.LoggingAspect - Добавление/обновление Страна с ID 7 в кэше
2025-03-18 14:33:42.616 INFO  o.e.a.logging.LoggingAspect - Страна с ID 7 успешно добавлен/обновлен в кэше
2025-03-18 14:33:42.616 INFO  o.e.a.logging.LoggingAspect - Добавление/обновление Страна с ID 9 в кэше
2025-03-18 14:33:42.616 INFO  o.e.a.logging.LoggingAspect - Страна с ID 9 успешно добавлен/обновлен в кэше
2025-03-18 14:33:42.617 INFO  o.e.a.logging.LoggingAspect - Добавление/обновление Страна с ID 10 в кэше
2025-03-18 14:33:42.617 INFO  o.e.a.logging.LoggingAspect - Страна с ID 10 успешно добавлен/обновлен в кэше
2025-03-18 14:33:42.617 INFO  o.e.a.logging.LoggingAspect - Добавление/обновление Страна с ID 12 в кэше
2025-03-18 14:33:42.617 INFO  o.e.a.logging.LoggingAspect - Страна с ID 12 успешно добавлен/обновлен в кэше
2025-03-18 14:33:42.617 INFO  o.e.a.logging.LoggingAspect - Добавление/обновление Страна с ID 13 в кэше
2025-03-18 14:33:42.617 INFO  o.e.a.logging.LoggingAspect - Страна с ID 13 успешно добавлен/обновлен в кэше
2025-03-18 14:33:42.617 INFO  o.e.a.logging.LoggingAspect - Добавление/обновление Страна с ID 14 в кэше
2025-03-18 14:33:42.617 INFO  o.e.a.logging.LoggingAspect - Страна с ID 14 успешно добавлен/обновлен в кэше
2025-03-18 14:33:42.617 INFO  o.e.a.logging.LoggingAspect - Добавление/обновление Страна с ID 15 в кэше
2025-03-18 14:33:42.617 INFO  o.e.a.logging.LoggingAspect - Страна с ID 15 успешно добавлен/обновлен в кэше
2025-03-18 14:33:42.617 INFO  o.e.a.logging.LoggingAspect - Выход из метода контроллера: CountryController.getAllCountries() с результатом: [CountryDto(id=3, name=Belarus, available=true, attractions=Belovezhskaya Puscha, visaCost=10.0, nationalLanguages=Russian, Belorassian, tours=[TourDto(id=15, name=Homel Tour, description=null, durationDays=15, countries=null, transport=TransportDto(id=3, name=Bus, capacity=50, cost=10.43)), TourDto(id=3, name=Minsk Tour, description=, durationDays=5, countries=null, transport=null)]), CountryDto(id=5, name=Ukraine, available=true, attractions=Chernobyl, visaCost=11.0, nationalLanguages=Ukranian, tours=[TourDto(id=9, name=Kiev Tour, description=null, durationDays=10, countries=null, transport=TransportDto(id=3, name=Bus, capacity=50, cost=10.43))]), CountryDto(id=6, name=Poland, available=true, attractions=Belovezhskaya Puscha, visaCost=50.0, nationalLanguages=Polish, tours=[TourDto(id=11, name=Krakov Tour, description=null, durationDays=5, countries=null, transport=TransportDto(id=7, name=Horse, capacity=1, cost=55.89))]), CountryDto(id=7, name=Italy, available=true, attractions=Colisey, visaCost=50.0, nationalLanguages=Italian, Spanish, tours=[]), CountryDto(id=9, name=South Korea, available=true, attractions=Seul TV , visaCost=23.0, nationalLanguages=Korean, tours=[TourDto(id=13, name=Seul Tour, description=null, durationDays=13, countries=null, transport=TransportDto(id=3, name=Bus, capacity=50, cost=10.43))]), CountryDto(id=10, name=United Kingdom, available=true, attractions=London Uye, visaCost=43.0, nationalLanguages=English, tours=[TourDto(id=14, name=London Tour, description=null, durationDays=9, countries=null, transport=TransportDto(id=6, name=Bicycle, capacity=1, cost=5.0)), TourDto(id=18, name=Birmenhem Tour, description=Realy nice tour, durationDays=18, countries=null, transport=TransportDto(id=8, name=Plane, capacity=150, cost=67.8))]), CountryDto(id=12, name=Indonesia, available=true, attractions=Sea, visaCost=17.0, nationalLanguages=Spanish, tours=[TourDto(id=16, name=InDOnES Tour, description=null, durationDays=11, countries=null, transport=TransportDto(id=6, name=Bicycle, capacity=1, cost=5.0))]), CountryDto(id=13, name=Greece, available=true, attractions=Olimpia, visaCost=58.0, nationalLanguages=Greece, English, tours=[TourDto(id=17, name=Greece Tour, description=null, durationDays=7, countries=null, transport=TransportDto(id=9, name=Luxary Bus, capacity=20, cost=120.45))]), CountryDto(id=14, name=Japan, available=true, attractions=Akihabara, visaCost=30.0, nationalLanguages=Japanese, tours=[TourDto(id=20, name=Tokyo tour, description=Tour for anime lovers, durationDays=4, countries=null, transport=TransportDto(id=9, name=Luxary Bus, capacity=20, cost=120.45))]), CountryDto(id=15, name=Russia, available=true, attractions=Kremyl, visaCost=25.0, nationalLanguages=Russian, tours=[TourDto(id=21, name=EKT tour, description=Tour for anime lovers, durationDays=47, countries=null, transport=TransportDto(id=10, name=Jet, capacity=15, cost=259.48))])]
2025-03-18 14:33:43.832 INFO  o.e.a.logging.LoggingAspect - Вход в метод контроллера: CountryController.getAllCountries() с аргументами: []
2025-03-18 14:33:43.832 INFO  o.e.a.logging.LoggingAspect - Все Неизвестный тип успешно получены из кэша, количество: 10
2025-03-18 14:33:43.833 INFO  o.e.a.logging.LoggingAspect - Выход из метода контроллера: CountryController.getAllCountries() с результатом: [CountryDto(id=3, name=Belarus, available=true, attractions=Belovezhskaya Puscha, visaCost=10.0, nationalLanguages=Russian, Belorassian, tours=[TourDto(id=15, name=Homel Tour, description=null, durationDays=15, countries=null, transport=TransportDto(id=3, name=Bus, capacity=50, cost=10.43)), TourDto(id=3, name=Minsk Tour, description=, durationDays=5, countries=null, transport=null)]), CountryDto(id=5, name=Ukraine, available=true, attractions=Chernobyl, visaCost=11.0, nationalLanguages=Ukranian, tours=[TourDto(id=9, name=Kiev Tour, description=null, durationDays=10, countries=null, transport=TransportDto(id=3, name=Bus, capacity=50, cost=10.43))]), CountryDto(id=6, name=Poland, available=true, attractions=Belovezhskaya Puscha, visaCost=50.0, nationalLanguages=Polish, tours=[TourDto(id=11, name=Krakov Tour, description=null, durationDays=5, countries=null, transport=TransportDto(id=7, name=Horse, capacity=1, cost=55.89))]), CountryDto(id=7, name=Italy, available=true, attractions=Colisey, visaCost=50.0, nationalLanguages=Italian, Spanish, tours=[]), CountryDto(id=9, name=South Korea, available=true, attractions=Seul TV , visaCost=23.0, nationalLanguages=Korean, tours=[TourDto(id=13, name=Seul Tour, description=null, durationDays=13, countries=null, transport=TransportDto(id=3, name=Bus, capacity=50, cost=10.43))]), CountryDto(id=10, name=United Kingdom, available=true, attractions=London Uye, visaCost=43.0, nationalLanguages=English, tours=[TourDto(id=14, name=London Tour, description=null, durationDays=9, countries=null, transport=TransportDto(id=6, name=Bicycle, capacity=1, cost=5.0)), TourDto(id=18, name=Birmenhem Tour, description=Realy nice tour, durationDays=18, countries=null, transport=TransportDto(id=8, name=Plane, capacity=150, cost=67.8))]), CountryDto(id=12, name=Indonesia, available=true, attractions=Sea, visaCost=17.0, nationalLanguages=Spanish, tours=[TourDto(id=16, name=InDOnES Tour, description=null, durationDays=11, countries=null, transport=TransportDto(id=6, name=Bicycle, capacity=1, cost=5.0))]), CountryDto(id=13, name=Greece, available=true, attractions=Olimpia, visaCost=58.0, nationalLanguages=Greece, English, tours=[TourDto(id=17, name=Greece Tour, description=null, durationDays=7, countries=null, transport=TransportDto(id=9, name=Luxary Bus, capacity=20, cost=120.45))]), CountryDto(id=14, name=Japan, available=true, attractions=Akihabara, visaCost=30.0, nationalLanguages=Japanese, tours=[TourDto(id=20, name=Tokyo tour, description=Tour for anime lovers, durationDays=4, countries=null, transport=TransportDto(id=9, name=Luxary Bus, capacity=20, cost=120.45))]), CountryDto(id=15, name=Russia, available=true, attractions=Kremyl, visaCost=25.0, nationalLanguages=Russian, tours=[TourDto(id=21, name=EKT tour, description=Tour for anime lovers, durationDays=47, countries=null, transport=TransportDto(id=10, name=Jet, capacity=15, cost=259.48))])]
2025-03-18 14:33:44.766 INFO  o.e.a.logging.LoggingAspect - Вход в метод контроллера: CountryController.getAllCountries() с аргументами: []
2025-03-18 14:33:44.767 INFO  o.e.a.logging.LoggingAspect - Все Неизвестный тип успешно получены из кэша, количество: 10
2025-03-18 14:33:44.767 INFO  o.e.a.logging.LoggingAspect - Выход из метода контроллера: CountryController.getAllCountries() с результатом: [CountryDto(id=3, name=Belarus, available=true, attractions=Belovezhskaya Puscha, visaCost=10.0, nationalLanguages=Russian, Belorassian, tours=[TourDto(id=15, name=Homel Tour, description=null, durationDays=15, countries=null, transport=TransportDto(id=3, name=Bus, capacity=50, cost=10.43)), TourDto(id=3, name=Minsk Tour, description=, durationDays=5, countries=null, transport=null)]), CountryDto(id=5, name=Ukraine, available=true, attractions=Chernobyl, visaCost=11.0, nationalLanguages=Ukranian, tours=[TourDto(id=9, name=Kiev Tour, description=null, durationDays=10, countries=null, transport=TransportDto(id=3, name=Bus, capacity=50, cost=10.43))]), CountryDto(id=6, name=Poland, available=true, attractions=Belovezhskaya Puscha, visaCost=50.0, nationalLanguages=Polish, tours=[TourDto(id=11, name=Krakov Tour, description=null, durationDays=5, countries=null, transport=TransportDto(id=7, name=Horse, capacity=1, cost=55.89))]), CountryDto(id=7, name=Italy, available=true, attractions=Colisey, visaCost=50.0, nationalLanguages=Italian, Spanish, tours=[]), CountryDto(id=9, name=South Korea, available=true, attractions=Seul TV , visaCost=23.0, nationalLanguages=Korean, tours=[TourDto(id=13, name=Seul Tour, description=null, durationDays=13, countries=null, transport=TransportDto(id=3, name=Bus, capacity=50, cost=10.43))]), CountryDto(id=10, name=United Kingdom, available=true, attractions=London Uye, visaCost=43.0, nationalLanguages=English, tours=[TourDto(id=14, name=London Tour, description=null, durationDays=9, countries=null, transport=TransportDto(id=6, name=Bicycle, capacity=1, cost=5.0)), TourDto(id=18, name=Birmenhem Tour, description=Realy nice tour, durationDays=18, countries=null, transport=TransportDto(id=8, name=Plane, capacity=150, cost=67.8))]), CountryDto(id=12, name=Indonesia, available=true, attractions=Sea, visaCost=17.0, nationalLanguages=Spanish, tours=[TourDto(id=16, name=InDOnES Tour, description=null, durationDays=11, countries=null, transport=TransportDto(id=6, name=Bicycle, capacity=1, cost=5.0))]), CountryDto(id=13, name=Greece, available=true, attractions=Olimpia, visaCost=58.0, nationalLanguages=Greece, English, tours=[TourDto(id=17, name=Greece Tour, description=null, durationDays=7, countries=null, transport=TransportDto(id=9, name=Luxary Bus, capacity=20, cost=120.45))]), CountryDto(id=14, name=Japan, available=true, attractions=Akihabara, visaCost=30.0, nationalLanguages=Japanese, tours=[TourDto(id=20, name=Tokyo tour, description=Tour for anime lovers, durationDays=4, countries=null, transport=TransportDto(id=9, name=Luxary Bus, capacity=20, cost=120.45))]), CountryDto(id=15, name=Russia, available=true, attractions=Kremyl, visaCost=25.0, nationalLanguages=Russian, tours=[TourDto(id=21, name=EKT tour, description=Tour for anime lovers, durationDays=47, countries=null, transport=TransportDto(id=10, name=Jet, capacity=15, cost=259.48))])]
2025-03-18 14:33:45.680 INFO  o.e.a.logging.LoggingAspect - Вход в метод контроллера: CountryController.getAllCountries() с аргументами: []
2025-03-18 14:33:45.680 INFO  o.e.a.logging.LoggingAspect - Все Неизвестный тип успешно получены из кэша, количество: 10
2025-03-18 14:33:45.680 INFO  o.e.a.logging.LoggingAspect - Выход из метода контроллера: CountryController.getAllCountries() с результатом: [CountryDto(id=3, name=Belarus, available=true, attractions=Belovezhskaya Puscha, visaCost=10.0, nationalLanguages=Russian, Belorassian, tours=[TourDto(id=15, name=Homel Tour, description=null, durationDays=15, countries=null, transport=TransportDto(id=3, name=Bus, capacity=50, cost=10.43)), TourDto(id=3, name=Minsk Tour, description=, durationDays=5, countries=null, transport=null)]), CountryDto(id=5, name=Ukraine, available=true, attractions=Chernobyl, visaCost=11.0, nationalLanguages=Ukranian, tours=[TourDto(id=9, name=Kiev Tour, description=null, durationDays=10, countries=null, transport=TransportDto(id=3, name=Bus, capacity=50, cost=10.43))]), CountryDto(id=6, name=Poland, available=true, attractions=Belovezhskaya Puscha, visaCost=50.0, nationalLanguages=Polish, tours=[TourDto(id=11, name=Krakov Tour, description=null, durationDays=5, countries=null, transport=TransportDto(id=7, name=Horse, capacity=1, cost=55.89))]), CountryDto(id=7, name=Italy, available=true, attractions=Colisey, visaCost=50.0, nationalLanguages=Italian, Spanish, tours=[]), CountryDto(id=9, name=South Korea, available=true, attractions=Seul TV , visaCost=23.0, nationalLanguages=Korean, tours=[TourDto(id=13, name=Seul Tour, description=null, durationDays=13, countries=null, transport=TransportDto(id=3, name=Bus, capacity=50, cost=10.43))]), CountryDto(id=10, name=United Kingdom, available=true, attractions=London Uye, visaCost=43.0, nationalLanguages=English, tours=[TourDto(id=14, name=London Tour, description=null, durationDays=9, countries=null, transport=TransportDto(id=6, name=Bicycle, capacity=1, cost=5.0)), TourDto(id=18, name=Birmenhem Tour, description=Realy nice tour, durationDays=18, countries=null, transport=TransportDto(id=8, name=Plane, capacity=150, cost=67.8))]), CountryDto(id=12, name=Indonesia, available=true, attractions=Sea, visaCost=17.0, nationalLanguages=Spanish, tours=[TourDto(id=16, name=InDOnES Tour, description=null, durationDays=11, countries=null, transport=TransportDto(id=6, name=Bicycle, capacity=1, cost=5.0))]), CountryDto(id=13, name=Greece, available=true, attractions=Olimpia, visaCost=58.0, nationalLanguages=Greece, English, tours=[TourDto(id=17, name=Greece Tour, description=null, durationDays=7, countries=null, transport=TransportDto(id=9, name=Luxary Bus, capacity=20, cost=120.45))]), CountryDto(id=14, name=Japan, available=true, attractions=Akihabara, visaCost=30.0, nationalLanguages=Japanese, tours=[TourDto(id=20, name=Tokyo tour, description=Tour for anime lovers, durationDays=4, countries=null, transport=TransportDto(id=9, name=Luxary Bus, capacity=20, cost=120.45))]), CountryDto(id=15, name=Russia, available=true, attractions=Kremyl, visaCost=25.0, nationalLanguages=Russian, tours=[TourDto(id=21, name=EKT tour, description=Tour for anime lovers, durationDays=47, countries=null, transport=TransportDto(id=10, name=Jet, capacity=15, cost=259.48))])]
2025-03-18 14:33:49.456 INFO  o.e.a.logging.LoggingAspect - Вход в метод контроллера: TourController.getAllTours() с аргументами: []
2025-03-18 14:33:49.456 INFO  o.e.a.logging.LoggingAspect - Все Тур успешно получены из кэша, количество: 0
2025-03-18 14:33:49.472 INFO  o.e.a.logging.LoggingAspect - Все Неизвестный тип успешно получены из базы данных, количество: 15
2025-03-18 14:33:49.504 INFO  o.e.a.logging.LoggingAspect - Добавление/обновление Тур с ID 2 в кэше
2025-03-18 14:33:49.504 INFO  o.e.a.logging.LoggingAspect - Тур с ID 2 успешно добавлен/обновлен в кэше
2025-03-18 14:33:49.504 INFO  o.e.a.logging.LoggingAspect - Добавление/обновление Тур с ID 3 в кэше
2025-03-18 14:33:49.504 INFO  o.e.a.logging.LoggingAspect - Тур с ID 3 успешно добавлен/обновлен в кэше
2025-03-18 14:33:49.505 INFO  o.e.a.logging.LoggingAspect - Добавление/обновление Тур с ID 7 в кэше
2025-03-18 14:33:49.505 INFO  o.e.a.logging.LoggingAspect - Тур с ID 7 успешно добавлен/обновлен в кэше
2025-03-18 14:33:49.505 INFO  o.e.a.logging.LoggingAspect - Добавление/обновление Тур с ID 9 в кэше
2025-03-18 14:33:49.505 INFO  o.e.a.logging.LoggingAspect - Тур с ID 9 успешно добавлен/обновлен в кэше
2025-03-18 14:33:49.505 INFO  o.e.a.logging.LoggingAspect - Добавление/обновление Тур с ID 10 в кэше
2025-03-18 14:33:49.505 INFO  o.e.a.logging.LoggingAspect - Тур с ID 10 успешно добавлен/обновлен в кэше
2025-03-18 14:33:49.505 INFO  o.e.a.logging.LoggingAspect - Добавление/обновление Тур с ID 11 в кэше
2025-03-18 14:33:49.505 INFO  o.e.a.logging.LoggingAspect - Тур с ID 11 успешно добавлен/обновлен в кэше
2025-03-18 14:33:49.505 INFO  o.e.a.logging.LoggingAspect - Добавление/обновление Тур с ID 12 в кэше
2025-03-18 14:33:49.505 INFO  o.e.a.logging.LoggingAspect - Тур с ID 12 успешно добавлен/обновлен в кэше
2025-03-18 14:33:49.505 INFO  o.e.a.logging.LoggingAspect - Добавление/обновление Тур с ID 13 в кэше
2025-03-18 14:33:49.506 INFO  o.e.a.logging.LoggingAspect - Тур с ID 13 успешно добавлен/обновлен в кэше
2025-03-18 14:33:49.506 INFO  o.e.a.logging.LoggingAspect - Добавление/обновление Тур с ID 14 в кэше
2025-03-18 14:33:49.506 INFO  o.e.a.logging.LoggingAspect - Тур с ID 14 успешно добавлен/обновлен в кэше
2025-03-18 14:33:49.506 INFO  o.e.a.logging.LoggingAspect - Добавление/обновление Тур с ID 15 в кэше
2025-03-18 14:33:49.506 INFO  o.e.a.logging.LoggingAspect - Тур с ID 15 успешно добавлен/обновлен в кэше
2025-03-18 14:33:49.506 INFO  o.e.a.logging.LoggingAspect - Добавление/обновление Тур с ID 16 в кэше
2025-03-18 14:33:49.506 INFO  o.e.a.logging.LoggingAspect - Тур с ID 16 успешно добавлен/обновлен в кэше
2025-03-18 14:33:49.506 INFO  o.e.a.logging.LoggingAspect - Добавление/обновление Тур с ID 17 в кэше
2025-03-18 14:33:49.506 INFO  o.e.a.logging.LoggingAspect - Тур с ID 17 успешно добавлен/обновлен в кэше
2025-03-18 14:33:49.506 INFO  o.e.a.logging.LoggingAspect - Добавление/обновление Тур с ID 18 в кэше
2025-03-18 14:33:49.506 INFO  o.e.a.logging.LoggingAspect - Тур с ID 18 успешно добавлен/обновлен в кэше
2025-03-18 14:33:49.507 INFO  o.e.a.logging.LoggingAspect - Добавление/обновление Тур с ID 20 в кэше
2025-03-18 14:33:49.507 INFO  o.e.a.logging.LoggingAspect - Тур с ID 20 успешно добавлен/обновлен в кэше
2025-03-18 14:33:49.507 INFO  o.e.a.logging.LoggingAspect - Добавление/обновление Тур с ID 21 в кэше
2025-03-18 14:33:49.507 INFO  o.e.a.logging.LoggingAspect - Тур с ID 21 успешно добавлен/обновлен в кэше
2025-03-18 14:33:49.507 INFO  o.e.a.logging.LoggingAspect - Выход из метода контроллера: TourController.getAllTours() с результатом: [TourDto(id=2, name=Paris Tour, description=Very nice tour, durationDays=12, countries=[], transport=TransportDto(id=3, name=Bus, capacity=50, cost=10.43)), TourDto(id=3, name=Minsk Tour, description=, durationDays=5, countries=[CountryDto(id=3, name=Belarus, available=true, attractions=Belovezhskaya Puscha, visaCost=10.0, nationalLanguages=Russian, Belorassian, tours=null)], transport=null), TourDto(id=7, name=Krakow Tour, description=, durationDays=3, countries=[], transport=TransportDto(id=8, name=Plane, capacity=150, cost=67.8)), TourDto(id=9, name=Kiev Tour, description=null, durationDays=10, countries=[CountryDto(id=5, name=Ukraine, available=true, attractions=Chernobyl, visaCost=11.0, nationalLanguages=Ukranian, tours=null)], transport=TransportDto(id=3, name=Bus, capacity=50, cost=10.43)), TourDto(id=10, name=Saint-Petersburg Tour, description=null, durationDays=4, countries=[], transport=null), TourDto(id=11, name=Krakov Tour, description=null, durationDays=5, countries=[CountryDto(id=6, name=Poland, available=true, attractions=Belovezhskaya Puscha, visaCost=50.0, nationalLanguages=Polish, tours=null)], transport=TransportDto(id=7, name=Horse, capacity=1, cost=55.89)), TourDto(id=12, name=Astana Tour, description=null, durationDays=8, countries=[], transport=TransportDto(id=3, name=Bus, capacity=50, cost=10.43)), TourDto(id=13, name=Seul Tour, description=null, durationDays=13, countries=[CountryDto(id=9, name=South Korea, available=true, attractions=Seul TV , visaCost=23.0, nationalLanguages=Korean, tours=null)], transport=TransportDto(id=3, name=Bus, capacity=50, cost=10.43)), TourDto(id=14, name=London Tour, description=null, durationDays=9, countries=[CountryDto(id=10, name=United Kingdom, available=true, attractions=London Uye, visaCost=43.0, nationalLanguages=English, tours=null)], transport=TransportDto(id=6, name=Bicycle, capacity=1, cost=5.0)), TourDto(id=15, name=Homel Tour, description=null, durationDays=15, countries=[CountryDto(id=3, name=Belarus, available=true, attractions=Belovezhskaya Puscha, visaCost=10.0, nationalLanguages=Russian, Belorassian, tours=null)], transport=TransportDto(id=3, name=Bus, capacity=50, cost=10.43)), TourDto(id=16, name=InDOnES Tour, description=null, durationDays=11, countries=[CountryDto(id=12, name=Indonesia, available=true, attractions=Sea, visaCost=17.0, nationalLanguages=Spanish, tours=null)], transport=TransportDto(id=6, name=Bicycle, capacity=1, cost=5.0)), TourDto(id=17, name=Greece Tour, description=null, durationDays=7, countries=[CountryDto(id=13, name=Greece, available=true, attractions=Olimpia, visaCost=58.0, nationalLanguages=Greece, English, tours=null)], transport=TransportDto(id=9, name=Luxary Bus, capacity=20, cost=120.45)), TourDto(id=18, name=Birmenhem Tour, description=Realy nice tour, durationDays=18, countries=[CountryDto(id=10, name=United Kingdom, available=true, attractions=London Uye, visaCost=43.0, nationalLanguages=English, tours=null)], transport=TransportDto(id=8, name=Plane, capacity=150, cost=67.8)), TourDto(id=20, name=Tokyo tour, description=Tour for anime lovers, durationDays=4, countries=[CountryDto(id=14, name=Japan, available=true, attractions=Akihabara, visaCost=30.0, nationalLanguages=Japanese, tours=null)], transport=TransportDto(id=9, name=Luxary Bus, capacity=20, cost=120.45)), TourDto(id=21, name=EKT tour, description=Tour for anime lovers, durationDays=47, countries=[CountryDto(id=15, name=Russia, available=true, attractions=Kremyl, visaCost=25.0, nationalLanguages=Russian, tours=null)], transport=TransportDto(id=10, name=Jet, capacity=15, cost=259.48))]
2025-03-18 14:33:50.623 INFO  o.e.a.logging.LoggingAspect - Вход в метод контроллера: TourController.getAllTours() с аргументами: []
2025-03-18 14:33:50.624 INFO  o.e.a.logging.LoggingAspect - Все Тур успешно получены из кэша, количество: 15
2025-03-18 14:33:50.624 INFO  o.e.a.logging.LoggingAspect - Выход из метода контроллера: TourController.getAllTours() с результатом: [TourDto(id=2, name=Paris Tour, description=Very nice tour, durationDays=12, countries=[], transport=TransportDto(id=3, name=Bus, capacity=50, cost=10.43)), TourDto(id=3, name=Minsk Tour, description=, durationDays=5, countries=[CountryDto(id=3, name=Belarus, available=true, attractions=Belovezhskaya Puscha, visaCost=10.0, nationalLanguages=Russian, Belorassian, tours=null)], transport=null), TourDto(id=7, name=Krakow Tour, description=, durationDays=3, countries=[], transport=TransportDto(id=8, name=Plane, capacity=150, cost=67.8)), TourDto(id=9, name=Kiev Tour, description=null, durationDays=10, countries=[CountryDto(id=5, name=Ukraine, available=true, attractions=Chernobyl, visaCost=11.0, nationalLanguages=Ukranian, tours=null)], transport=TransportDto(id=3, name=Bus, capacity=50, cost=10.43)), TourDto(id=10, name=Saint-Petersburg Tour, description=null, durationDays=4, countries=[], transport=null), TourDto(id=11, name=Krakov Tour, description=null, durationDays=5, countries=[CountryDto(id=6, name=Poland, available=true, attractions=Belovezhskaya Puscha, visaCost=50.0, nationalLanguages=Polish, tours=null)], transport=TransportDto(id=7, name=Horse, capacity=1, cost=55.89)), TourDto(id=12, name=Astana Tour, description=null, durationDays=8, countries=[], transport=TransportDto(id=3, name=Bus, capacity=50, cost=10.43)), TourDto(id=13, name=Seul Tour, description=null, durationDays=13, countries=[CountryDto(id=9, name=South Korea, available=true, attractions=Seul TV , visaCost=23.0, nationalLanguages=Korean, tours=null)], transport=TransportDto(id=3, name=Bus, capacity=50, cost=10.43)), TourDto(id=14, name=London Tour, description=null, durationDays=9, countries=[CountryDto(id=10, name=United Kingdom, available=true, attractions=London Uye, visaCost=43.0, nationalLanguages=English, tours=null)], transport=TransportDto(id=6, name=Bicycle, capacity=1, cost=5.0)), TourDto(id=15, name=Homel Tour, description=null, durationDays=15, countries=[CountryDto(id=3, name=Belarus, available=true, attractions=Belovezhskaya Puscha, visaCost=10.0, nationalLanguages=Russian, Belorassian, tours=null)], transport=TransportDto(id=3, name=Bus, capacity=50, cost=10.43)), TourDto(id=16, name=InDOnES Tour, description=null, durationDays=11, countries=[CountryDto(id=12, name=Indonesia, available=true, attractions=Sea, visaCost=17.0, nationalLanguages=Spanish, tours=null)], transport=TransportDto(id=6, name=Bicycle, capacity=1, cost=5.0)), TourDto(id=17, name=Greece Tour, description=null, durationDays=7, countries=[CountryDto(id=13, name=Greece, available=true, attractions=Olimpia, visaCost=58.0, nationalLanguages=Greece, English, tours=null)], transport=TransportDto(id=9, name=Luxary Bus, capacity=20, cost=120.45)), TourDto(id=18, name=Birmenhem Tour, description=Realy nice tour, durationDays=18, countries=[CountryDto(id=10, name=United Kingdom, available=true, attractions=London Uye, visaCost=43.0, nationalLanguages=English, tours=null)], transport=TransportDto(id=8, name=Plane, capacity=150, cost=67.8)), TourDto(id=20, name=Tokyo tour, description=Tour for anime lovers, durationDays=4, countries=[CountryDto(id=14, name=Japan, available=true, attractions=Akihabara, visaCost=30.0, nationalLanguages=Japanese, tours=null)], transport=TransportDto(id=9, name=Luxary Bus, capacity=20, cost=120.45)), TourDto(id=21, name=EKT tour, description=Tour for anime lovers, durationDays=47, countries=[CountryDto(id=15, name=Russia, available=true, attractions=Kremyl, visaCost=25.0, nationalLanguages=Russian, tours=null)], transport=TransportDto(id=10, name=Jet, capacity=15, cost=259.48))]
2025-03-18 14:33:51.693 INFO  o.e.a.logging.LoggingAspect - Вход в метод контроллера: TourController.getAllTours() с аргументами: []
2025-03-18 14:33:51.693 INFO  o.e.a.logging.LoggingAspect - Все Тур успешно получены из кэша, количество: 15
2025-03-18 14:33:51.693 INFO  o.e.a.logging.LoggingAspect - Выход из метода контроллера: TourController.getAllTours() с результатом: [TourDto(id=2, name=Paris Tour, description=Very nice tour, durationDays=12, countries=[], transport=TransportDto(id=3, name=Bus, capacity=50, cost=10.43)), TourDto(id=3, name=Minsk Tour, description=, durationDays=5, countries=[CountryDto(id=3, name=Belarus, available=true, attractions=Belovezhskaya Puscha, visaCost=10.0, nationalLanguages=Russian, Belorassian, tours=null)], transport=null), TourDto(id=7, name=Krakow Tour, description=, durationDays=3, countries=[], transport=TransportDto(id=8, name=Plane, capacity=150, cost=67.8)), TourDto(id=9, name=Kiev Tour, description=null, durationDays=10, countries=[CountryDto(id=5, name=Ukraine, available=true, attractions=Chernobyl, visaCost=11.0, nationalLanguages=Ukranian, tours=null)], transport=TransportDto(id=3, name=Bus, capacity=50, cost=10.43)), TourDto(id=10, name=Saint-Petersburg Tour, description=null, durationDays=4, countries=[], transport=null), TourDto(id=11, name=Krakov Tour, description=null, durationDays=5, countries=[CountryDto(id=6, name=Poland, available=true, attractions=Belovezhskaya Puscha, visaCost=50.0, nationalLanguages=Polish, tours=null)], transport=TransportDto(id=7, name=Horse, capacity=1, cost=55.89)), TourDto(id=12, name=Astana Tour, description=null, durationDays=8, countries=[], transport=TransportDto(id=3, name=Bus, capacity=50, cost=10.43)), TourDto(id=13, name=Seul Tour, description=null, durationDays=13, countries=[CountryDto(id=9, name=South Korea, available=true, attractions=Seul TV , visaCost=23.0, nationalLanguages=Korean, tours=null)], transport=TransportDto(id=3, name=Bus, capacity=50, cost=10.43)), TourDto(id=14, name=London Tour, description=null, durationDays=9, countries=[CountryDto(id=10, name=United Kingdom, available=true, attractions=London Uye, visaCost=43.0, nationalLanguages=English, tours=null)], transport=TransportDto(id=6, name=Bicycle, capacity=1, cost=5.0)), TourDto(id=15, name=Homel Tour, description=null, durationDays=15, countries=[CountryDto(id=3, name=Belarus, available=true, attractions=Belovezhskaya Puscha, visaCost=10.0, nationalLanguages=Russian, Belorassian, tours=null)], transport=TransportDto(id=3, name=Bus, capacity=50, cost=10.43)), TourDto(id=16, name=InDOnES Tour, description=null, durationDays=11, countries=[CountryDto(id=12, name=Indonesia, available=true, attractions=Sea, visaCost=17.0, nationalLanguages=Spanish, tours=null)], transport=TransportDto(id=6, name=Bicycle, capacity=1, cost=5.0)), TourDto(id=17, name=Greece Tour, description=null, durationDays=7, countries=[CountryDto(id=13, name=Greece, available=true, attractions=Olimpia, visaCost=58.0, nationalLanguages=Greece, English, tours=null)], transport=TransportDto(id=9, name=Luxary Bus, capacity=20, cost=120.45)), TourDto(id=18, name=Birmenhem Tour, description=Realy nice tour, durationDays=18, countries=[CountryDto(id=10, name=United Kingdom, available=true, attractions=London Uye, visaCost=43.0, nationalLanguages=English, tours=null)], transport=TransportDto(id=8, name=Plane, capacity=150, cost=67.8)), TourDto(id=20, name=Tokyo tour, description=Tour for anime lovers, durationDays=4, countries=[CountryDto(id=14, name=Japan, available=true, attractions=Akihabara, visaCost=30.0, nationalLanguages=Japanese, tours=null)], transport=TransportDto(id=9, name=Luxary Bus, capacity=20, cost=120.45)), TourDto(id=21, name=EKT tour, description=Tour for anime lovers, durationDays=47, countries=[CountryDto(id=15, name=Russia, available=true, attractions=Kremyl, visaCost=25.0, nationalLanguages=Russian, tours=null)], transport=TransportDto(id=10, name=Jet, capacity=15, cost=259.48))]
2025-03-18 14:33:53.502 INFO  o.e.a.logging.LoggingAspect - Вход в метод контроллера: TourController.getAllTours() с аргументами: []
2025-03-18 14:33:53.503 INFO  o.e.a.logging.LoggingAspect - Все Тур успешно получены из кэша, количество: 15
2025-03-18 14:33:53.503 INFO  o.e.a.logging.LoggingAspect - Выход из метода контроллера: TourController.getAllTours() с результатом: [TourDto(id=2, name=Paris Tour, description=Very nice tour, durationDays=12, countries=[], transport=TransportDto(id=3, name=Bus, capacity=50, cost=10.43)), TourDto(id=3, name=Minsk Tour, description=, durationDays=5, countries=[CountryDto(id=3, name=Belarus, available=true, attractions=Belovezhskaya Puscha, visaCost=10.0, nationalLanguages=Russian, Belorassian, tours=null)], transport=null), TourDto(id=7, name=Krakow Tour, description=, durationDays=3, countries=[], transport=TransportDto(id=8, name=Plane, capacity=150, cost=67.8)), TourDto(id=9, name=Kiev Tour, description=null, durationDays=10, countries=[CountryDto(id=5, name=Ukraine, available=true, attractions=Chernobyl, visaCost=11.0, nationalLanguages=Ukranian, tours=null)], transport=TransportDto(id=3, name=Bus, capacity=50, cost=10.43)), TourDto(id=10, name=Saint-Petersburg Tour, description=null, durationDays=4, countries=[], transport=null), TourDto(id=11, name=Krakov Tour, description=null, durationDays=5, countries=[CountryDto(id=6, name=Poland, available=true, attractions=Belovezhskaya Puscha, visaCost=50.0, nationalLanguages=Polish, tours=null)], transport=TransportDto(id=7, name=Horse, capacity=1, cost=55.89)), TourDto(id=12, name=Astana Tour, description=null, durationDays=8, countries=[], transport=TransportDto(id=3, name=Bus, capacity=50, cost=10.43)), TourDto(id=13, name=Seul Tour, description=null, durationDays=13, countries=[CountryDto(id=9, name=South Korea, available=true, attractions=Seul TV , visaCost=23.0, nationalLanguages=Korean, tours=null)], transport=TransportDto(id=3, name=Bus, capacity=50, cost=10.43)), TourDto(id=14, name=London Tour, description=null, durationDays=9, countries=[CountryDto(id=10, name=United Kingdom, available=true, attractions=London Uye, visaCost=43.0, nationalLanguages=English, tours=null)], transport=TransportDto(id=6, name=Bicycle, capacity=1, cost=5.0)), TourDto(id=15, name=Homel Tour, description=null, durationDays=15, countries=[CountryDto(id=3, name=Belarus, available=true, attractions=Belovezhskaya Puscha, visaCost=10.0, nationalLanguages=Russian, Belorassian, tours=null)], transport=TransportDto(id=3, name=Bus, capacity=50, cost=10.43)), TourDto(id=16, name=InDOnES Tour, description=null, durationDays=11, countries=[CountryDto(id=12, name=Indonesia, available=true, attractions=Sea, visaCost=17.0, nationalLanguages=Spanish, tours=null)], transport=TransportDto(id=6, name=Bicycle, capacity=1, cost=5.0)), TourDto(id=17, name=Greece Tour, description=null, durationDays=7, countries=[CountryDto(id=13, name=Greece, available=true, attractions=Olimpia, visaCost=58.0, nationalLanguages=Greece, English, tours=null)], transport=TransportDto(id=9, name=Luxary Bus, capacity=20, cost=120.45)), TourDto(id=18, name=Birmenhem Tour, description=Realy nice tour, durationDays=18, countries=[CountryDto(id=10, name=United Kingdom, available=true, attractions=London Uye, visaCost=43.0, nationalLanguages=English, tours=null)], transport=TransportDto(id=8, name=Plane, capacity=150, cost=67.8)), TourDto(id=20, name=Tokyo tour, description=Tour for anime lovers, durationDays=4, countries=[CountryDto(id=14, name=Japan, available=true, attractions=Akihabara, visaCost=30.0, nationalLanguages=Japanese, tours=null)], transport=TransportDto(id=9, name=Luxary Bus, capacity=20, cost=120.45)), TourDto(id=21, name=EKT tour, description=Tour for anime lovers, durationDays=47, countries=[CountryDto(id=15, name=Russia, available=true, attractions=Kremyl, visaCost=25.0, nationalLanguages=Russian, tours=null)], transport=TransportDto(id=10, name=Jet, capacity=15, cost=259.48))]
2025-03-18 14:33:58.061 INFO  o.e.a.logging.LoggingAspect - Вход в метод контроллера: LogController.getLogFile(..) с аргументами: [2025-03-17]
2025-03-18 14:33:58.065 INFO  o.e.a.logging.LoggingAspect - Выход из метода контроллера: LogController.getLogFile(..) с результатом: <200 OK OK,[B@25afc9a1,[Content-Type:"text/plain", Content-Disposition:"form-data; name="attachment"; filename="adventuretime-2025-03-17.log""]>
2025-03-18 14:34:02.687 INFO  o.e.a.logging.LoggingAspect - Вход в метод контроллера: LogController.getLogFile(..) с аргументами: [2025-03-17]
2025-03-18 14:34:02.689 INFO  o.e.a.logging.LoggingAspect - Выход из метода контроллера: LogController.getLogFile(..) с результатом: <200 OK OK,[B@11ae698f,[Content-Type:"text/plain", Content-Disposition:"form-data; name="attachment"; filename="adventuretime-2025-03-17.log""]>
2025-03-18 14:34:11.929 INFO  o.e.a.logging.LoggingAspect - Вход в метод контроллера: TourController.getToursByTransportTypeNative(..) с аргументами: [Bus]
2025-03-18 14:34:11.943 INFO  o.e.a.logging.LoggingAspect - Выход из метода контроллера: TourController.getToursByTransportTypeNative(..) с результатом: <200 OK OK,[TourDto(id=2, name=Paris Tour, description=Very nice tour, durationDays=12, countries=[], transport=TransportDto(id=3, name=Bus, capacity=50, cost=10.43)), TourDto(id=9, name=Kiev Tour, description=null, durationDays=10, countries=[CountryDto(id=5, name=Ukraine, available=true, attractions=Chernobyl, visaCost=11.0, nationalLanguages=Ukranian, tours=null)], transport=TransportDto(id=3, name=Bus, capacity=50, cost=10.43)), TourDto(id=12, name=Astana Tour, description=null, durationDays=8, countries=[], transport=TransportDto(id=3, name=Bus, capacity=50, cost=10.43)), TourDto(id=13, name=Seul Tour, description=null, durationDays=13, countries=[CountryDto(id=9, name=South Korea, available=true, attractions=Seul TV , visaCost=23.0, nationalLanguages=Korean, tours=null)], transport=TransportDto(id=3, name=Bus, capacity=50, cost=10.43)), TourDto(id=15, name=Homel Tour, description=null, durationDays=15, countries=[CountryDto(id=3, name=Belarus, available=true, attractions=Belovezhskaya Puscha, visaCost=10.0, nationalLanguages=Russian, Belorassian, tours=null)], transport=TransportDto(id=3, name=Bus, capacity=50, cost=10.43))],[]>
2025-03-18 14:43:44.259 INFO  o.e.a.logging.LoggingAspect - Вход в метод контроллера: TourController.getToursByTransportTypeNative(..) с аргументами: [Bus]
2025-03-18 14:43:44.276 INFO  o.e.a.logging.LoggingAspect - Выход из метода контроллера: TourController.getToursByTransportTypeNative(..) с результатом: <200 OK OK,[TourDto(id=2, name=Paris Tour, description=Very nice tour, durationDays=12, countries=[], transport=TransportDto(id=3, name=Bus, capacity=50, cost=10.43)), TourDto(id=9, name=Kiev Tour, description=null, durationDays=10, countries=[CountryDto(id=5, name=Ukraine, available=true, attractions=Chernobyl, visaCost=11.0, nationalLanguages=Ukranian, tours=null)], transport=TransportDto(id=3, name=Bus, capacity=50, cost=10.43)), TourDto(id=12, name=Astana Tour, description=null, durationDays=8, countries=[], transport=TransportDto(id=3, name=Bus, capacity=50, cost=10.43)), TourDto(id=13, name=Seul Tour, description=null, durationDays=13, countries=[CountryDto(id=9, name=South Korea, available=true, attractions=Seul TV , visaCost=23.0, nationalLanguages=Korean, tours=null)], transport=TransportDto(id=3, name=Bus, capacity=50, cost=10.43)), TourDto(id=15, name=Homel Tour, description=null, durationDays=15, countries=[CountryDto(id=3, name=Belarus, available=true, attractions=Belovezhskaya Puscha, visaCost=10.0, nationalLanguages=Russian, Belorassian, tours=null)], transport=TransportDto(id=3, name=Bus, capacity=50, cost=10.43))],[]>
2025-03-18 14:43:47.056 INFO  o.e.a.logging.LoggingAspect - Вход в метод контроллера: TourController.getToursByTransportType(..) с аргументами: [Bicycle]
2025-03-18 14:43:47.070 INFO  o.e.a.logging.LoggingAspect - Выход из метода контроллера: TourController.getToursByTransportType(..) с результатом: <200 OK OK,[TourDto(id=14, name=London Tour, description=null, durationDays=9, countries=[CountryDto(id=10, name=United Kingdom, available=true, attractions=London Uye, visaCost=43.0, nationalLanguages=English, tours=null)], transport=TransportDto(id=6, name=Bicycle, capacity=1, cost=5.0)), TourDto(id=16, name=InDOnES Tour, description=null, durationDays=11, countries=[CountryDto(id=12, name=Indonesia, available=true, attractions=Sea, visaCost=17.0, nationalLanguages=Spanish, tours=null)], transport=TransportDto(id=6, name=Bicycle, capacity=1, cost=5.0))],[]>
2025-03-18 14:45:59.744 INFO  o.s.b.w.e.tomcat.GracefulShutdown - Commencing graceful shutdown. Waiting for active requests to complete
2025-03-18 14:45:59.754 INFO  o.s.b.w.e.tomcat.GracefulShutdown - Graceful shutdown complete
2025-03-18 14:45:59.760 INFO  o.s.o.j.LocalContainerEntityManagerFactoryBean - Closing JPA EntityManagerFactory for persistence unit 'default'
2025-03-18 14:45:59.762 INFO  com.zaxxer.hikari.HikariDataSource - HikariPool-1 - Shutdown initiated...
2025-03-18 14:45:59.774 INFO  com.zaxxer.hikari.HikariDataSource - HikariPool-1 - Shutdown completed.
